1             1.21767                   0
2             1.21639          0.00128313
3             1.21362          0.00286494
4             1.22097          0.00762781
5             1.23365           0.0139817
6             1.23652           0.0117734
7             1.23976           0.0104644
8             1.24138          0.00920585
9              1.2423          0.00817081
10              1.2431          0.00735173
11             1.24573          0.00715199
12             1.24596          0.00653283
13              1.2468          0.00606757
14              1.2477          0.00568962
15             1.24971          0.00566311
16             1.25091          0.00543291
17             1.25206           0.0052301
18              1.2541          0.00533524
19             1.25425          0.00504898
20             1.25637          0.00523623
21             1.25896          0.00561692
22             1.26057          0.00559161
23             1.26182          0.00548777
24             1.26466          0.00597277
25             1.26694          0.00616524
26             1.26751          0.00595048
27             1.26905          0.00593087
28              1.2716          0.00625459
29             1.27251          0.00610367
30             1.27227          0.00590171
31             1.27221          0.00570846
32             1.27343           0.0056621
33             1.27394          0.00551104
34             1.27365          0.00535448
35             1.27262          0.00530058
36             1.27181          0.00521372
37             1.27158          0.00507601
38             1.27107          0.00496715
39             1.27056          0.00486447
40             1.27044          0.00474288
41             1.27011          0.00463772
42             1.26976          0.00453908
43             1.27021           0.0044544
44             1.27044           0.0043582
45             1.27118          0.00432443
46              1.2711          0.00423021
47             1.27049          0.00418381
48             1.27043          0.00409615
49             1.27062          0.00401635
50             1.27105          0.00395881
51             1.27097          0.00388132
52             1.27097          0.00380595
53             1.27004          0.00384875
54             1.26984          0.00378188
55             1.26974           0.0037139
56             1.26982          0.00364775
57             1.26964          0.00358753
58             1.26975          0.00352677
59             1.27071          0.00359728
60             1.27137          0.00359847
61             1.27204          0.00360155
62             1.27225          0.00354932
63             1.27216          0.00349383
64             1.27233          0.00344307
65             1.27243          0.00339109
66             1.27281          0.00336085
67             1.27293          0.00331261
68             1.27315          0.00327116
69             1.27275          0.00324819
70             1.27246          0.00321443
71              1.2722          0.00318007
72             1.27174           0.0031688
73              1.2714          0.00314289
74             1.27152          0.00310211
75              1.2713          0.00306794
76             1.27114          0.00303163
77             1.27144          0.00300713
78             1.27195          0.00301108
79             1.27268          0.00306109
80             1.27308          0.00304874
81             1.27351          0.00304246
82             1.27361           0.0030067
83             1.27368          0.00297107
84             1.27392          0.00294534
85             1.27429            0.002934
86              1.2746          0.00291637
87             1.27485          0.00289365
88             1.27529          0.00289317
89             1.27535          0.00286107
90             1.27546          0.00283154
91             1.27587           0.0028298
92             1.27575           0.0028014
93             1.27592          0.00277628
94             1.27609          0.00275164
95             1.27609          0.00272252
96             1.27565          0.00272871
97             1.27536           0.0027167
98             1.27552          0.00269352
99             1.27555          0.00266636
100             1.27536          0.00264608
