1             -6.7474                   0
2            -6.74683          0.00057581
3            -6.75069          0.00387723
4            -6.75233          0.00319461
5              -6.752          0.00249606
6            -6.75296          0.00225267
7            -6.75323          0.00192212
8            -6.75336          0.00166951
9             -6.7537          0.00151164
10            -6.75358          0.00135719
11            -6.75407          0.00132242
12            -6.75374          0.00125204
13            -6.75407           0.0011991
14            -6.75414          0.00111201
15            -6.75362          0.00115904
16            -6.75387          0.00111387
17            -6.75386          0.00104632
18            -6.75419          0.00103928
19            -6.75425         0.000985003
20            -6.75392         0.000991533
21            -6.75428            0.001009
22            -6.75398          0.00100693
23            -6.75428          0.00100718
24            -6.75432         0.000965091
25            -6.75427          0.00092686
26            -6.75466         0.000968841
27            -6.75465         0.000932268
28            -6.75479         0.000909049
29            -6.75466         0.000887901
30            -6.75493         0.000900771
31            -6.75485         0.000874703
32            -6.75473         0.000856043
33            -6.75489         0.000844442
34            -6.75502          0.00083083
35             -6.7552         0.000825977
36            -6.75516         0.000803793
37            -6.75514         0.000782056
38             -6.7552         0.000763413
39            -6.75523         0.000744391
40            -6.75526         0.000726251
41            -6.75523         0.000709134
42             -6.7552         0.000692594
43            -6.75521         0.000676324
44            -6.75523         0.000661331
45            -6.75525         0.000646653
46            -6.75531         0.000635641
47            -6.75525         0.000625264
48            -6.75536         0.000621335
49            -6.75522         0.000623094
50            -6.75508          0.00062655
51            -6.75517          0.00062071
52            -6.75515         0.000609243
53            -6.75503         0.000608342
54            -6.75499         0.000598188
55            -6.75492         0.000591322
56            -6.75488         0.000582467
57            -6.75494         0.000575476
58            -6.75487          0.00056938
59            -6.75488          0.00055967
60            -6.75483         0.000552075
61             -6.7548         0.000544067
62            -6.75474         0.000538312
63            -6.75479         0.000531994
64            -6.75477         0.000524068
65            -6.75475         0.000516459
66            -6.75477         0.000509211
67            -6.75477         0.000501562
68            -6.75476         0.000494232
69            -6.75467          0.00049428
70            -6.75467         0.000487245
71            -6.75472         0.000483377
72            -6.75466         0.000480864
73            -6.75465         0.000474258
74            -6.75472         0.000472817
75            -6.75466          0.00046961
76            -6.75471         0.000465693
77            -6.75473         0.000460045
78             -6.7548         0.000459551
79            -6.75475         0.000456262
80            -6.75471         0.000452432
81            -6.75472          0.00044686
82            -6.75478         0.000445797
83            -6.75477         0.000440613
84             -6.7548         0.000436709
85             -6.7548         0.000431541
86            -6.75477         0.000427937
87            -6.75467         0.000433251
88            -6.75465         0.000428796
89            -6.75464         0.000424148
90             -6.7546         0.000421459
91            -6.75465         0.000420434
92             -6.7547         0.000418107
93            -6.75468         0.000413889
94            -6.75465         0.000410447
95            -6.75467         0.000406685
96            -6.75465         0.000403148
97            -6.75465         0.000398972
98            -6.75468         0.000395733
99            -6.75462         0.000395688
100            -6.75462         0.000391721
