1            -5.12264                   0
2            -5.10302           0.0196245
3            -5.10183           0.0113925
4            -5.10364          0.00825573
5            -5.10015          0.00728593
6            -5.10036          0.00595278
7            -5.09958          0.00509166
8            -5.09952          0.00440988
9            -5.10009          0.00393097
10            -5.10207          0.00403508
11            -5.10448          0.00437253
12            -5.10497          0.00402181
13            -5.10735          0.00440051
14            -5.10849           0.0042304
15            -5.10899          0.00396972
16            -5.10756          0.00398035
17            -5.10848           0.0038502
18             -5.1089          0.00365465
19            -5.10834          0.00350201
20            -5.10862          0.00333423
21             -5.1065          0.00381332
22            -5.10619          0.00364942
23            -5.10737          0.00368233
24            -5.10734          0.00352572
25            -5.10831          0.00351712
26            -5.10735          0.00351267
27            -5.10633          0.00352989
28            -5.10719          0.00350839
29            -5.10752           0.0034018
30            -5.10754          0.00328647
31            -5.10638          0.00338334
32            -5.10569          0.00334681
33            -5.10581          0.00324588
34            -5.10502          0.00324575
35            -5.10551          0.00318996
36            -5.10579          0.00311235
37            -5.10541            0.003051
38            -5.10599          0.00302661
39            -5.10544          0.00300012
40            -5.10466          0.00302494
41            -5.10471          0.00295061
42            -5.10524          0.00292749
43            -5.10512          0.00286093
44             -5.1045           0.0028639
45            -5.10449          0.00279954
46            -5.10458          0.00273948
47            -5.10454          0.00268088
48            -5.10504          0.00267106
49            -5.10505          0.00261603
50            -5.10584          0.00268214
51             -5.1055          0.00265127
52            -5.10499          0.00265025
53            -5.10525          0.00261271
54            -5.10537          0.00256685
55            -5.10517          0.00252749
56            -5.10505          0.00248477
57            -5.10543          0.00246941
58            -5.10564           0.0024353
59            -5.10526          0.00242272
60            -5.10509          0.00238811
61            -5.10498          0.00235142
62            -5.10567          0.00241502
63            -5.10604          0.00240414
64            -5.10622           0.0023738
65            -5.10658          0.00236324
66            -5.10669          0.00232998
67            -5.10684          0.00229992
68            -5.10702          0.00227304
69            -5.10729          0.00225575
70              -5.107          0.00224266
71            -5.10704          0.00221134
72            -5.10728          0.00219301
73            -5.10712          0.00216876
74            -5.10697          0.00214422
75            -5.10698          0.00211548
76            -5.10717          0.00209591
77            -5.10775          0.00214946
78            -5.10759          0.00212826
79            -5.10757          0.00210121
80            -5.10717          0.00211263
81            -5.10708          0.00208862
82            -5.10657          0.00212384
83            -5.10655           0.0020982
84            -5.10652          0.00207339
85            -5.10692          0.00208887
86            -5.10727          0.00209354
87            -5.10695          0.00209344
88            -5.10718          0.00208216
89            -5.10693          0.00207399
90            -5.10717          0.00206423
91            -5.10737          0.00205197
92            -5.10727          0.00203212
93            -5.10733          0.00201091
94            -5.10741          0.00199114
95            -5.10751          0.00197272
96            -5.10728          0.00196585
97            -5.10734          0.00194649
98            -5.10712          0.00193929
99            -5.10696          0.00192654
100             -5.1068          0.00191362
