1             1.52284                   0
2             1.50342           0.0194128
3             1.50299           0.0112163
4             1.50419          0.00802124
5             1.50074          0.00710646
6             1.50086          0.00580364
7             1.50032          0.00493472
8             1.50045          0.00427541
9              1.5011          0.00382649
10             1.50332           0.0040836
11             1.50571          0.00439464
12             1.50614          0.00403541
13             1.50841          0.00435092
14             1.50956          0.00418776
15             1.51001          0.00392519
16             1.50858          0.00394308
17             1.50959          0.00384145
18             1.50999          0.00364383
19             1.50941          0.00349577
20             1.50981          0.00333995
21             1.50773          0.00379671
22             1.50743          0.00363252
23             1.50863          0.00367388
24             1.50859          0.00351775
25              1.5095          0.00349422
26             1.50847          0.00351067
27             1.50751          0.00351186
28             1.50834          0.00348501
29             1.50863          0.00337504
30             1.50863           0.0032606
31             1.50752          0.00334192
32             1.50691          0.00329365
33             1.50704          0.00319494
34             1.50626          0.00319532
35             1.50673          0.00313686
36             1.50703          0.00306396
37             1.50663          0.00300668
38             1.50717          0.00297621
39             1.50665          0.00294653
40             1.50592          0.00296218
41             1.50599           0.0028898
42             1.50646          0.00285943
43             1.50636          0.00279377
44             1.50573          0.00280229
45             1.50577          0.00273958
46             1.50587          0.00268143
47             1.50583          0.00262409
48             1.50632          0.00261541
49             1.50636          0.00256169
50             1.50715          0.00263347
51             1.50683          0.00260185
52             1.50632           0.0026012
53             1.50657          0.00256337
54             1.50668          0.00251818
55              1.5065          0.00247897
56             1.50636          0.00243822
57             1.50671          0.00242127
58             1.50691          0.00238709
59             1.50656          0.00237172
60             1.50641          0.00233689
61             1.50628          0.00230182
62             1.50698          0.00236888
63             1.50731          0.00235516
64             1.50751          0.00232642
65             1.50786          0.00231624
66             1.50798          0.00228411
67             1.50814          0.00225554
68             1.50832          0.00222977
69             1.50858          0.00221217
70             1.50831          0.00219643
71             1.50833          0.00216531
72             1.50857          0.00214859
73             1.50843          0.00212331
74             1.50829          0.00209946
75             1.50831          0.00207146
76             1.50849          0.00205136
77             1.50905          0.00210022
78             1.50887          0.00208048
79             1.50886            0.002054
80             1.50848          0.00206454
81             1.50837          0.00204163
82             1.50785          0.00208152
83             1.50784          0.00205636
84             1.50781          0.00203189
85             1.50819          0.00204389
86             1.50852          0.00204701
87             1.50822           0.0020461
88             1.50848          0.00203895
89             1.50823          0.00203131
90             1.50849          0.00202512
91             1.50871          0.00201486
92             1.50858          0.00199658
93             1.50863           0.0019755
94             1.50872          0.00195634
95              1.5088          0.00193748
96             1.50858          0.00193041
97             1.50864          0.00191144
98             1.50842          0.00190438
99             1.50826          0.00189172
100             1.50811          0.00187912
