1              1.5194                   0
2             1.51938         2.03876e-05
3             1.51939         1.22794e-05
4              1.5194          1.6413e-05
5             1.51941         1.54808e-05
6             1.51939         2.48466e-05
7             1.51936         3.24865e-05
8             1.51935         3.21085e-05
9             1.51934         2.94986e-05
10             1.51934         2.63903e-05
11             1.51935         2.48796e-05
12             1.51934         2.32965e-05
13             1.51934         2.25414e-05
14             1.51933          2.1852e-05
15             1.51932         2.32572e-05
16             1.51931         2.33799e-05
17             1.51931         2.21153e-05
18             1.51931         2.24888e-05
19             1.51932         2.20506e-05
20             1.51932         2.10266e-05
21             1.51931         2.06781e-05
22             1.51931         2.05697e-05
23              1.5193         2.04274e-05
24              1.5193         1.97562e-05
25              1.5193         1.89871e-05
26              1.5193          1.8332e-05
27             1.51931         1.85554e-05
28             1.51931         1.85186e-05
29             1.51931         1.81464e-05
30              1.5193         1.82639e-05
31              1.5193         1.81416e-05
32              1.5193         1.75891e-05
33              1.5193         1.70488e-05
34             1.51929         1.66745e-05
35             1.51929         1.63355e-05
36             1.51929         1.58901e-05
37             1.51929         1.54609e-05
38             1.51929         1.50803e-05
39             1.51929         1.47322e-05
40              1.5193          1.4481e-05
41              1.5193          1.4461e-05
42              1.5193         1.41278e-05
43              1.5193         1.37983e-05
44              1.5193         1.34811e-05
45              1.5193         1.31815e-05
46              1.5193         1.29542e-05
47              1.5193         1.28357e-05
48             1.51931         1.28327e-05
49             1.51931         1.25877e-05
50             1.51931         1.23603e-05
51             1.51931         1.21484e-05
52             1.51931         1.21768e-05
53             1.51931         1.22041e-05
54             1.51931         1.21009e-05
55             1.51931         1.19205e-05
56             1.51932         1.17674e-05
57             1.51932         1.15823e-05
58             1.51932         1.14128e-05
59             1.51931         1.12952e-05
60             1.51931         1.11495e-05
61             1.51931         1.09963e-05
62             1.51932         1.10056e-05
63             1.51932         1.10778e-05
64             1.51932         1.09091e-05
65             1.51932         1.08118e-05
66             1.51932         1.06613e-05
67             1.51932         1.05413e-05
68             1.51932         1.03851e-05
69             1.51932         1.03411e-05
70             1.51932         1.03015e-05
71             1.51932         1.01854e-05
72             1.51932         1.00507e-05
73             1.51932         9.93686e-06
74             1.51932         9.84777e-06
75             1.51932         9.71709e-06
76             1.51932         9.58871e-06
77             1.51932         9.47141e-06
78             1.51931         9.52929e-06
79             1.51931         9.78436e-06
80             1.51931         9.79933e-06
81             1.51931          9.6782e-06
82             1.51931         9.59303e-06
83             1.51931         9.49964e-06
84             1.51931         9.38893e-06
85             1.51931         9.38898e-06
86             1.51931         9.29644e-06
87             1.51931         9.18898e-06
88             1.51931         9.10909e-06
89             1.51931         9.01444e-06
90             1.51931         9.01939e-06
91             1.51931         9.05147e-06
92             1.51931         8.98639e-06
93             1.51931          8.8901e-06
94             1.51931         8.80068e-06
95             1.51931          8.7127e-06
96             1.51931         8.64106e-06
97             1.51931         8.55277e-06
98             1.51931         8.47418e-06
99             1.51931         8.38828e-06
100             1.51931         8.33238e-06
