1             0.72589                   0
2            0.725387         0.000503267
3            0.727869          0.00249939
4            0.728799          0.00199707
5            0.728466          0.00158225
6             0.72892          0.00136926
7            0.729072          0.00116709
8            0.729116          0.00101172
9            0.729311         0.000913361
10            0.729211         0.000823129
11            0.729565         0.000824703
12            0.729316         0.000792931
13            0.729561         0.000769243
14            0.729551         0.000712242
15            0.729264         0.000722561
16            0.729432         0.000696351
17            0.729409         0.000654519
18            0.729592         0.000643824
19            0.729602          0.00060908
20            0.729366          0.00062444
21            0.729588         0.000634252
22            0.729399         0.000633612
23            0.729611           0.0006415
24            0.729638         0.000614763
25            0.729623         0.000589834
26            0.729848         0.000609753
27            0.729827         0.000587122
28            0.729899         0.000570351
29            0.729825         0.000555336
30            0.729981         0.000558753
31            0.729931         0.000542736
32            0.729852         0.000531462
33            0.729974         0.000529426
34            0.730058         0.000520479
35            0.730164         0.000516277
36            0.730137         0.000502454
37            0.730103         0.000489856
38            0.730146         0.000478703
39            0.730152         0.000466316
40            0.730175          0.00045506
41            0.730152         0.000444414
42            0.730148          0.00043372
43            0.730184         0.000425038
44            0.730213         0.000416239
45            0.730226         0.000407102
46            0.730283         0.000402246
47             0.73026         0.000394263
48            0.730334         0.000392879
49            0.730258          0.00039211
50            0.730173         0.000393474
51            0.730243         0.000392025
52            0.730239         0.000384435
53            0.730174         0.000382633
54            0.730166         0.000375578
55             0.73013         0.000370418
56            0.730104         0.000364656
57            0.730136         0.000359638
58            0.730091         0.000356255
59            0.730104         0.000350389
60            0.730084         0.000345053
61            0.730066         0.000339833
62            0.730027         0.000336577
63            0.730058         0.000332646
64            0.730038         0.000328038
65            0.730017         0.000323591
66            0.730022         0.000318688
67            0.730017         0.000313944
68             0.73001         0.000309363
69            0.729961          0.00030886
70            0.729958         0.000304425
71            0.729986         0.000301395
72            0.729952         0.000299121
73            0.729946         0.000295055
74            0.729995         0.000295076
75            0.729954         0.000293945
76            0.729986         0.000291833
77            0.730001         0.000288412
78            0.730053         0.000289269
79             0.73003         0.000286469
80            0.730004         0.000284078
81             0.73001         0.000280607
82            0.730053         0.000280544
83            0.730047         0.000277217
84            0.730066         0.000274558
85            0.730067         0.000271311
86            0.730055         0.000268373
87                0.73         0.000270958
88            0.729987         0.000268188
89            0.729981         0.000265228
90            0.729957         0.000263321
91            0.729993         0.000262837
92            0.730014         0.000260852
93            0.729999         0.000258489
94            0.729978         0.000256578
95            0.729987         0.000254029
96            0.729968         0.000252102
97            0.729973         0.000249541
98             0.72999         0.000247528
99            0.729955         0.000247374
100            0.729952         0.000244908
