1             1.08883                   0
2             1.08808           0.0007549
3              1.0918          0.00374908
4              1.0932           0.0029956
5              1.0927          0.00237338
6             1.09338          0.00205389
7             1.09361          0.00175064
8             1.09367          0.00151758
9             1.09397          0.00137004
10             1.09382          0.00123469
11             1.09435          0.00123705
12             1.09397           0.0011894
13             1.09434          0.00115386
14             1.09433          0.00106836
15              1.0939          0.00108384
16             1.09415          0.00104453
17             1.09411         0.000981779
18             1.09439         0.000965736
19              1.0944          0.00091362
20             1.09405          0.00093666
21             1.09438         0.000951378
22              1.0941         0.000950418
23             1.09442          0.00096225
24             1.09446         0.000922145
25             1.09443         0.000884751
26             1.09477          0.00091463
27             1.09474         0.000880683
28             1.09485         0.000855527
29             1.09474         0.000833003
30             1.09497         0.000838129
31              1.0949         0.000814104
32             1.09478         0.000797193
33             1.09496         0.000794138
34             1.09509         0.000780718
35             1.09525         0.000774415
36              1.0952         0.000753682
37             1.09515         0.000734784
38             1.09522         0.000718054
39             1.09523         0.000699474
40             1.09526          0.00068259
41             1.09523         0.000666622
42             1.09522         0.000650579
43             1.09528         0.000637556
44             1.09532         0.000624359
45             1.09534         0.000610653
46             1.09542         0.000603368
47             1.09539         0.000591395
48              1.0955         0.000589318
49             1.09539         0.000588166
50             1.09526         0.000590211
51             1.09536         0.000588038
52             1.09536         0.000576652
53             1.09526         0.000573949
54             1.09525         0.000563368
55              1.0952         0.000555627
56             1.09516         0.000546985
57              1.0952         0.000539457
58             1.09514         0.000534383
59             1.09516         0.000525583
60             1.09513          0.00051758
61              1.0951          0.00050975
62             1.09504         0.000504865
63             1.09509         0.000498968
64             1.09506         0.000492057
65             1.09503         0.000485386
66             1.09503         0.000478032
67             1.09503         0.000470915
68             1.09502         0.000464045
69             1.09494          0.00046329
70             1.09494         0.000456637
71             1.09498         0.000452092
72             1.09493         0.000448681
73             1.09492         0.000442583
74             1.09499         0.000442614
75             1.09493         0.000440918
76             1.09498         0.000437749
77               1.095         0.000432618
78             1.09508         0.000433904
79             1.09505         0.000429703
80             1.09501         0.000426117
81             1.09501          0.00042091
82             1.09508         0.000420815
83             1.09507         0.000415826
84              1.0951         0.000411837
85              1.0951         0.000406966
86             1.09508          0.00040256
87               1.095         0.000406436
88             1.09498         0.000402282
89             1.09497         0.000397842
90             1.09494         0.000394982
91             1.09499         0.000394255
92             1.09502         0.000391278
93               1.095         0.000387733
94             1.09497         0.000384868
95             1.09498         0.000381043
96             1.09495         0.000378153
97             1.09496         0.000374312
98             1.09498         0.000371292
99             1.09493         0.000371061
100             1.09493         0.000367362
