1             1.82651                   0
2             1.82458          0.00192469
3             1.82043          0.00429741
4             1.83146           0.0114417
5             1.85047           0.0209726
6             1.85479           0.0176601
7             1.85965           0.0156966
8             1.86207           0.0138088
9             1.86346           0.0122562
10             1.86465           0.0110276
11              1.8686            0.010728
12             1.86894          0.00979925
13              1.8702          0.00910135
14             1.87156          0.00853443
15             1.87456          0.00849466
16             1.87637          0.00814936
17             1.87809          0.00784515
18             1.88114          0.00800286
19             1.88138          0.00757346
20             1.88455          0.00785434
21             1.88844          0.00842538
22             1.89086          0.00838741
23             1.89273          0.00823166
24             1.89699          0.00895916
25             1.90041          0.00924785
26             1.90126          0.00892572
27             1.90358           0.0088963
28             1.90739          0.00938188
29             1.90876           0.0091555
30              1.9084          0.00885256
31             1.90831           0.0085627
32             1.91015          0.00849315
33             1.91091          0.00826656
34             1.91047          0.00803172
35             1.90892          0.00795088
36             1.90772          0.00782058
37             1.90737          0.00761402
38              1.9066          0.00745073
39             1.90585           0.0072967
40             1.90566          0.00711432
41             1.90516          0.00695658
42             1.90464          0.00680862
43             1.90531          0.00668161
44             1.90566          0.00653731
45             1.90677          0.00648664
46             1.90665          0.00634532
47             1.90573          0.00627572
48             1.90564          0.00614422
49             1.90593          0.00602452
50             1.90658          0.00593822
51             1.90646          0.00582198
52             1.90646          0.00570892
53             1.90506          0.00577312
54             1.90477          0.00567281
55             1.90461          0.00557084
56             1.90472          0.00547163
57             1.90446           0.0053813
58             1.90462          0.00529016
59             1.90606          0.00539592
60             1.90706           0.0053977
61             1.90806          0.00540232
62             1.90838          0.00532398
63             1.90824          0.00524074
64             1.90849           0.0051646
65             1.90864          0.00508664
66             1.90921          0.00504127
67             1.90939          0.00496891
68             1.90973          0.00490675
69             1.90913          0.00487229
70              1.9087          0.00482165
71             1.90829          0.00477011
72             1.90761           0.0047532
73             1.90711          0.00471433
74             1.90727          0.00465316
75             1.90695          0.00460191
76             1.90671          0.00454745
77             1.90716          0.00451069
78             1.90792          0.00451662
79             1.90902          0.00459163
80             1.90961           0.0045731
81             1.91027          0.00456369
82             1.91041          0.00451004
83             1.91052          0.00445661
84             1.91088            0.004418
85             1.91144            0.004401
86              1.9119          0.00437456
87             1.91228          0.00434048
88             1.91293          0.00433975
89             1.91302          0.00429161
90              1.9132          0.00424731
91             1.91381           0.0042447
92             1.91363           0.0042021
93             1.91388          0.00416442
94             1.91413          0.00412746
95             1.91413          0.00408379
96             1.91348          0.00409306
97             1.91304          0.00407505
98             1.91327          0.00404029
99             1.91332          0.00399953
100             1.91304          0.00396912
