1            -5.65857                   0
2            -5.65875         0.000179091
3            -5.65889         0.000173473
4            -5.65913         0.000273914
5             -5.6593         0.000272897
6            -5.65958         0.000357127
7            -5.65962          0.00030413
8            -5.65968         0.000270283
9            -5.65973         0.000243452
10            -5.65976         0.000220266
11            -5.65972         0.000203276
12            -5.65977         0.000190107
13            -5.65973         0.000177922
14            -5.65981         0.000182353
15            -5.65972         0.000192402
16            -5.65972         0.000180022
17            -5.65975         0.000171301
18             -5.6598         0.000169551
19            -5.65985          0.00016705
20            -5.65987         0.000160217
21             -5.6599         0.000154416
22            -5.65988          0.00014786
23            -5.65986         0.000142738
24            -5.65986         0.000136664
25            -5.65984         0.000133489
26            -5.65988         0.000135608
27            -5.65991         0.000134317
28            -5.65995         0.000133033
29            -5.65992         0.000131018
30            -5.65996         0.000132978
31            -5.65996         0.000128649
32            -5.65995         0.000124687
33            -5.65992         0.000123685
34            -5.65994         0.000120592
35            -5.65996         0.000118629
36            -5.65995         0.000115295
37            -5.65998         0.000115959
38            -5.65998         0.000113024
39               -5.66         0.000112786
40               -5.66         0.000109941
41               -5.66         0.000107226
42            -5.65998         0.000106946
43            -5.65993         0.000114795
44            -5.65992         0.000113231
45            -5.65991         0.000110777
46            -5.65989         0.000110578
47            -5.65986         0.000112188
48            -5.65986         0.000109878
49            -5.65984         0.000109593
50            -5.65982         0.000108214
51            -5.65981         0.000107169
52            -5.65979         0.000107074
53            -5.65977         0.000106319
54            -5.65974         0.000107345
55            -5.65973         0.000106573
56            -5.65972         0.000104892
57            -5.65974         0.000103923
58            -5.65974         0.000102122
59            -5.65972         0.000101308
60            -5.65971         0.000100789
61             -5.6597         9.94177e-05
62             -5.6597         9.78053e-05
63             -5.6597         9.62798e-05
64            -5.65971         9.51653e-05
65            -5.65972         9.39817e-05
66            -5.65974          9.4299e-05
67            -5.65974         9.30351e-05
68            -5.65974         9.16567e-05
69            -5.65973         9.08689e-05
70            -5.65973         8.97094e-05
71            -5.65974         8.93026e-05
72            -5.65973         8.89698e-05
73            -5.65973         8.78287e-05
74            -5.65973         8.67397e-05
75            -5.65973         8.58473e-05
76            -5.65973         8.47344e-05
77            -5.65973         8.36644e-05
78            -5.65972          8.2831e-05
79            -5.65971         8.30656e-05
80            -5.65971         8.20499e-05
81             -5.6597         8.10544e-05
82             -5.6597         8.00992e-05
83             -5.6597         7.92431e-05
84             -5.6597         7.85277e-05
85             -5.6597         7.76061e-05
86            -5.65968         7.88382e-05
87            -5.65967         7.86855e-05
88            -5.65967           7.779e-05
89            -5.65967         7.70032e-05
90            -5.65966         7.63922e-05
91            -5.65966         7.55674e-05
92            -5.65968         7.55824e-05
93            -5.65968         7.51146e-05
94            -5.65969         7.43707e-05
95            -5.65969         7.40158e-05
96             -5.6597         7.33916e-05
97            -5.65969         7.31735e-05
98            -5.65969          7.2435e-05
99            -5.65969         7.18607e-05
100            -5.65969         7.11643e-05
