1           -0.307102                   0
2           -0.305198           0.0019043
3           -0.301043          0.00429776
4            -0.31206           0.0114283
5           -0.331059           0.0209602
6           -0.335399           0.0176555
7           -0.340283           0.0157007
8           -0.342726           0.0138149
9           -0.344115           0.0122626
10           -0.345313           0.0110332
11           -0.349254           0.0107301
12           -0.349602          0.00980136
13           -0.350867          0.00910424
14           -0.352228          0.00853811
15           -0.355245          0.00850186
16           -0.357063          0.00815783
17           -0.358782          0.00785348
18            -0.36183           0.0080069
19           -0.362055          0.00757711
20            -0.36523          0.00785837
21            -0.36913           0.0084312
22           -0.371548          0.00839441
23           -0.373432          0.00823945
24           -0.377695          0.00896704
25           -0.381114          0.00925532
26           -0.381963          0.00893269
27           -0.384276          0.00890128
28           -0.388083          0.00938431
29           -0.389455          0.00915829
30           -0.389096          0.00885504
31            -0.38901          0.00856506
32           -0.390854          0.00849558
33           -0.391612          0.00826892
34           -0.391176          0.00803389
35            -0.38963          0.00795252
36           -0.388424          0.00782206
37            -0.38808          0.00761547
38            -0.38731          0.00745224
39           -0.386551          0.00729828
40           -0.386365          0.00711591
41           -0.385862          0.00695835
42           -0.385344          0.00681039
43            -0.38601          0.00668336
44           -0.386359          0.00653901
45           -0.387472          0.00648824
46           -0.387345           0.0063469
47           -0.386429          0.00627755
48           -0.386338          0.00614605
49           -0.386627          0.00602628
50           -0.387276          0.00594001
51           -0.387149          0.00582375
52           -0.387153          0.00571066
53           -0.385748          0.00577539
54           -0.385452          0.00567512
55           -0.385297          0.00557314
56           -0.385409          0.00547386
57           -0.385143          0.00538352
58           -0.385305          0.00529237
59           -0.386749          0.00539836
60           -0.387744          0.00540025
61           -0.388746          0.00540463
62           -0.389062          0.00532612
63           -0.388917          0.00524291
64           -0.389174          0.00516676
65           -0.389322           0.0050888
66           -0.389892          0.00504345
67           -0.390078          0.00497109
68           -0.390413          0.00490888
69           -0.389811          0.00487456
70           -0.389377          0.00482401
71           -0.388975           0.0047725
72            -0.38829          0.00475547
73           -0.387789          0.00471648
74           -0.387957          0.00465532
75           -0.387636          0.00460402
76           -0.387393          0.00454954
77           -0.387845          0.00451278
78           -0.388605          0.00451896
79           -0.389703          0.00459451
80           -0.390303          0.00457614
81           -0.390959          0.00456668
82           -0.391104          0.00451296
83           -0.391208          0.00445948
84           -0.391569          0.00442085
85           -0.392127          0.00440398
86           -0.392595          0.00437754
87           -0.392973          0.00434341
88           -0.393623          0.00434272
89           -0.393711          0.00429455
90           -0.393886          0.00425016
91           -0.394496          0.00424726
92           -0.394317          0.00420467
93            -0.39457          0.00416695
94           -0.394821          0.00412998
95           -0.394819          0.00408628
96           -0.394168          0.00409559
97           -0.393722          0.00407755
98            -0.39396          0.00404273
99           -0.394006          0.00400196
100           -0.393727          0.00397156
