1            -3.59981                   0
2             -3.5996         0.000211675
3            -3.59884         0.000768286
4            -3.59945         0.000814755
5             -3.5994         0.000632517
6             -3.5995         0.000524873
7            -3.59926         0.000505561
8            -3.59907         0.000474189
9            -3.59899         0.000425778
10            -3.59875         0.000454321
11            -3.59877         0.000411824
12            -3.59883          0.00038008
13            -3.59894         0.000367498
14            -3.59894         0.000340284
15            -3.59898         0.000319597
16            -3.59898         0.000298986
17            -3.59888         0.000298024
18            -3.59891         0.000281939
19            -3.59893         0.000267732
20            -3.59881          0.00027855
21            -3.59878         0.000267716
22            -3.59876         0.000255601
23            -3.59874         0.000245139
24            -3.59875          0.00023496
25            -3.59881         0.000232739
26            -3.59888         0.000233595
27            -3.59882         0.000232044
28            -3.59885         0.000225226
29            -3.59889         0.000222281
30            -3.59891         0.000214987
31            -3.59885         0.000214591
32            -3.59878         0.000219474
33            -3.59877         0.000213199
34            -3.59876         0.000207087
35            -3.59879         0.000203472
36            -3.59876         0.000200236
37            -3.59877         0.000195601
38            -3.59882         0.000195136
39            -3.59879         0.000192297
40            -3.59874         0.000193639
41            -3.59872         0.000189928
42            -3.59878         0.000193518
43            -3.59876         0.000190012
44            -3.59877         0.000185945
45            -3.59872         0.000186761
46            -3.59871         0.000183299
47            -3.59871         0.000179357
48            -3.59871         0.000175668
49             -3.5987          0.00017284
50            -3.59869           0.0001695
51            -3.59867         0.000166964
52            -3.59867         0.000163906
53            -3.59868         0.000161471
54            -3.59869         0.000158588
55            -3.59868         0.000156105
56             -3.5987         0.000154561
57            -3.59871         0.000153082
58            -3.59873         0.000150977
59             -3.5987         0.000150952
60            -3.59868         0.000149434
61             -3.5987         0.000147588
62            -3.59869         0.000145201
63            -3.59872         0.000145522
64            -3.59871         0.000143459
65            -3.59872         0.000141358
66            -3.59871         0.000139375
67             -3.5987         0.000137644
68             -3.5987         0.000135657
69            -3.59871         0.000134091
70            -3.59868         0.000135242
71            -3.59872         0.000137731
72            -3.59871         0.000135951
73            -3.59868         0.000136429
74            -3.59868         0.000134574
75            -3.59867         0.000133594
76            -3.59868         0.000132633
77            -3.59871         0.000133389
78            -3.59872         0.000131922
79            -3.59871         0.000130429
80             -3.5987          0.00012937
81            -3.59871         0.000128082
82            -3.59872         0.000126998
83            -3.59872         0.000125486
84             -3.5987         0.000124485
85            -3.59873         0.000125476
86            -3.59875          0.00012508
87            -3.59873         0.000124258
88             -3.5987         0.000125911
89             -3.5987         0.000124509
90            -3.59868         0.000125261
91            -3.59867         0.000124547
92            -3.59869         0.000124771
93             -3.5987         0.000123908
94            -3.59869         0.000122681
95            -3.59871         0.000122674
96             -3.5987         0.000121592
97             -3.5987         0.000120333
98             -3.5987         0.000119163
99            -3.59869         0.000118045
100            -3.59869          0.00011687
