1             1.01522                   0
2             1.00228           0.0129419
3             1.00199          0.00747751
4             1.00279          0.00534749
5             1.00049          0.00473764
6             1.00057           0.0038691
7             1.00021          0.00328981
8              1.0003          0.00285027
9             1.00073          0.00255099
10             1.00222           0.0027224
11              1.0038          0.00292976
12             1.00409          0.00269027
13             1.00561          0.00290061
14             1.00637          0.00279184
15             1.00668           0.0026168
16             1.00572          0.00262872
17              1.0064          0.00256096
18             1.00666          0.00242922
19             1.00627          0.00233051
20             1.00654          0.00222664
21             1.00515          0.00253114
22             1.00495          0.00242168
23             1.00575          0.00244925
24             1.00572          0.00234516
25             1.00633          0.00232948
26             1.00565          0.00234045
27             1.00501          0.00234124
28             1.00556          0.00232334
29             1.00575          0.00225003
30             1.00575          0.00217373
31             1.00502          0.00222795
32             1.00461          0.00219576
33             1.00469          0.00212996
34             1.00418          0.00213022
35             1.00448          0.00209124
36             1.00469          0.00204264
37             1.00442          0.00200446
38             1.00478          0.00198414
39             1.00443          0.00196435
40             1.00395          0.00197479
41             1.00399          0.00192654
42             1.00431          0.00190629
43             1.00424          0.00186251
44             1.00382          0.00186819
45             1.00385          0.00182639
46             1.00392          0.00178762
47             1.00389          0.00174939
48             1.00422          0.00174361
49             1.00424          0.00170779
50             1.00477          0.00175565
51             1.00455          0.00173457
52             1.00421          0.00173414
53             1.00438          0.00170892
54             1.00446          0.00167879
55             1.00433          0.00165264
56             1.00424          0.00162548
57             1.00448          0.00161418
58             1.00461          0.00159139
59             1.00437          0.00158114
60             1.00427          0.00155792
61             1.00419          0.00153455
62             1.00465          0.00157925
63             1.00488          0.00157011
64             1.00501          0.00155095
65             1.00524          0.00154416
66             1.00532          0.00152274
67             1.00543          0.00150369
68             1.00555          0.00148651
69             1.00572          0.00147478
70             1.00554          0.00146429
71             1.00555          0.00144354
72             1.00571          0.00143239
73             1.00562          0.00141554
74             1.00552          0.00139964
75             1.00554          0.00138097
76             1.00566          0.00136757
77             1.00603          0.00140015
78             1.00591          0.00138699
79             1.00591          0.00136933
80             1.00565          0.00137636
81             1.00558          0.00136109
82             1.00524          0.00138768
83             1.00522          0.00137091
84             1.00521          0.00135459
85             1.00546          0.00136259
86             1.00568          0.00136468
87             1.00548          0.00136407
88             1.00565           0.0013593
89             1.00549          0.00135421
90             1.00566          0.00135008
91              1.0058          0.00134324
92             1.00572          0.00133105
93             1.00575            0.001317
94             1.00581          0.00130423
95             1.00587          0.00129165
96             1.00572          0.00128694
97             1.00576          0.00127429
98             1.00561          0.00126959
99             1.00551          0.00126114
100              1.0054          0.00125274
