1             -0.5128             -0.5128                   0
2             -0.4328             -0.4728           0.0282843
3             -0.3584           -0.434667           0.0364004
4             -0.5216             -0.4564           0.0331596
5             -0.4408            -0.45328           0.0266741
6             -0.5208           -0.464533           0.0244874
7             -0.4376           -0.460686           0.0212893
8             -0.6776             -0.4878            0.031469
9             -0.5984           -0.500089           0.0302769
10             -0.4352             -0.4936           0.0279359
11             -0.5168           -0.495709           0.0254758
12             -0.6016           -0.504533           0.0248341
13             -0.5984           -0.511754           0.0239505
14              -0.516           -0.512057           0.0222416
15              -0.516            -0.51232           0.0207604
16             -0.6032              -0.518            0.020225
17             -0.7616           -0.532329           0.0235711
18             -0.6728           -0.540133            0.023518
19             -0.4344           -0.534568           0.0229291
20             -0.3544            -0.52556           0.0234857
21             -0.2792           -0.513829           0.0251271
22             -0.2784           -0.503127           0.0261647
23             -0.5928           -0.507026           0.0253159
24             -0.5192           -0.507533           0.0242662
25             -0.5176           -0.507936           0.0232989
26              -0.516           -0.508246           0.0224048
27             -0.2792           -0.499763           0.0231253
28             -0.3624           -0.494857           0.0228138
29             -0.6008            -0.49851           0.0223177
30                -0.6           -0.501893           0.0218287
31             -0.4416           -0.499948            0.021211
32               -0.36           -0.495575           0.0209942
33              -0.516           -0.496194           0.0203671
34             -0.1952           -0.487341           0.0216066
35             -0.1944           -0.478971           0.0225521
36             -0.2792           -0.473422           0.0225981
37             -0.4384           -0.472476           0.0220072
38                -0.6           -0.475832           0.0216824
39             -0.6792           -0.481046           0.0217444
40              -0.444            -0.48012           0.0212205
41               -0.36            -0.47719           0.0209042
42             -0.5192            -0.47819           0.0204304
43              -0.596            -0.48093           0.0201382
44             -0.3568           -0.478109           0.0198771
45               -0.44           -0.477262           0.0194534
46             -0.2744           -0.472852            0.019524
47             -0.4328              -0.472           0.0191272
48             -0.4328           -0.471183           0.0187461
49             -0.2752           -0.467184           0.0187854
50             -0.4392           -0.466624            0.018418
51             -0.3624            -0.46458           0.0181699
52               -0.44           -0.464108           0.0178266
53             -0.5288           -0.465328            0.017532
54             -0.4416           -0.464889           0.0172129
55             -0.5968           -0.467287           0.0170662
56             -0.2768           -0.463886           0.0170971
57             -0.4424           -0.463509           0.0168013
58               -0.52           -0.464483           0.0165398
59             -0.5944           -0.466685           0.0164054
60             -0.3592           -0.464893           0.0162295
61             -0.1176             -0.4592           0.0169326
62             -0.3632           -0.457652           0.0167301
63             -0.5176           -0.458603           0.0164916
64             -0.5152           -0.459488           0.0162576
65             -0.5208           -0.460431           0.0160349
66               -0.28           -0.457697           0.0160233
67             -0.4424           -0.457469           0.0157857
68             -0.2792           -0.454847           0.0157698
69             -0.3552           -0.453403           0.0156072
70             -0.5176            -0.45432           0.0154112
71             -0.3608           -0.453003           0.0152503
72             -0.5136           -0.453844           0.0150617
73              -0.512           -0.454641           0.0148764
74              -0.436           -0.454389           0.0146775
75               -0.52           -0.455264           0.0145079
76             -0.5272           -0.456211           0.0143478
77             -0.2864           -0.454005             0.01433
78             -0.3608            -0.45281            0.014196
79              -0.444           -0.452699           0.0140167
80               -0.44            -0.45254           0.0138424
81             -0.7712           -0.456474           0.0142196
82             -0.5328           -0.457405           0.0140766
83              -0.532           -0.458304           0.0139357
84             -0.5264           -0.459114           0.0137933
85             -0.2856           -0.457073           0.0137813
86             -0.3608           -0.455953           0.0136664
87             -0.3672           -0.454933           0.0135474
88             -0.4464           -0.454836           0.0133938
89             -0.6064           -0.456539           0.0133511
90             -0.2864           -0.454649           0.0133359
91             -0.3656            -0.45367           0.0132252
92             -0.4448           -0.453574           0.0130818
93             -0.6056           -0.455209           0.0130429
94             -0.2824            -0.45337            0.013033
95                -0.2           -0.450703           0.0131659
96             -0.3616           -0.449775           0.0130614
97             -0.4432           -0.449707            0.012927
98             -0.2824              -0.448           0.0129073
99             -0.6056           -0.449592           0.0128747
100             -0.5288           -0.450384           0.0127703
101             -0.4488           -0.450368           0.0126439
102             -0.4424            -0.45029           0.0125202
103             -0.2784           -0.448621           0.0125093
104                -0.2           -0.446231           0.0126154
105             -0.7744           -0.449356           0.0128766
106             -0.6896           -0.451623           0.0129531
107             -0.6856           -0.453809           0.0130153
108             -0.6096           -0.455252           0.0129744
109              -0.444           -0.455149           0.0128558
110             -0.6024           -0.456487           0.0128085
111               -0.52           -0.457059           0.0127058
112             -0.6016            -0.45835           0.0126578
113             -0.5216            -0.45891           0.0125581
114             -0.3632            -0.45807            0.012476
115             -0.4408            -0.45792           0.0123684
116             -0.5192           -0.458448           0.0122731
117             -0.3616           -0.457621           0.0121961
118             -0.3576           -0.456773           0.0121221
119              -0.364           -0.455993           0.0120453
120               -0.36           -0.455193           0.0119714
121             -0.5232           -0.455755           0.0118857
122             -0.3568           -0.454944           0.0118159
123              -0.444           -0.454855           0.0117202
124             -0.2032           -0.452826           0.0118001
125             -0.4392           -0.452717           0.0117062
126             -0.3624              -0.452           0.0116352
127             -0.4464           -0.451956           0.0115437
128             -0.5296           -0.452563           0.0114694
129              -0.284           -0.451256           0.0114547
130              -0.524           -0.451815           0.0113802
131             -0.5248           -0.452373            0.011307
132              -0.204           -0.450491           0.0113768
133             -0.4456           -0.450454           0.0112913
134             -0.4512            -0.45046           0.0112071
135             -0.5288            -0.45104           0.0111391
136              -0.688           -0.452782           0.0111926
137             -0.5264            -0.45332           0.0111238
138              -0.524           -0.453832            0.011055
139             -0.5192           -0.454302           0.0109854
140             -0.6032           -0.455366           0.0109583
141             -0.6032           -0.456414           0.0109307
142             -0.6056           -0.457465           0.0109041
143              -0.448           -0.457399            0.010828
144             -0.4488           -0.457339            0.010753
145             -0.6072           -0.458372           0.0107284
146             -0.4488           -0.458307           0.0106551
147             -0.5264            -0.45877           0.0105927
148             -0.5248           -0.459216           0.0105305
149             -0.5288           -0.459683           0.0104702
150             -0.5248           -0.460117           0.0104094
151             -0.6064           -0.461086           0.0103854
152             -0.6864           -0.462568           0.0104223
153             -0.6848           -0.464021           0.0104549
154             -0.5248           -0.464416           0.0103945
155             -0.4432           -0.464279           0.0103283
156             -0.4472           -0.464169           0.0102627
157             -0.6096           -0.465096           0.0102391
158             -0.5296           -0.465504           0.0101824
159             -0.6048            -0.46638            0.010156
160             -0.5256            -0.46675           0.0100992
161             -0.4472           -0.466629           0.0100372
162              -0.124           -0.464514           0.0101957
163             -0.3656           -0.463907           0.0101512
164             -0.2072           -0.462341           0.0102092
165             -0.3672           -0.461765           0.0101636
166             -0.4424           -0.461648           0.0101031
167             -0.4416           -0.461528           0.0100433
168             -0.2816           -0.460457           0.0100405
169             -0.4424            -0.46035          0.00998161
170              -0.604           -0.461195          0.00995859
171             -0.2808            -0.46014          0.00995608
172              -0.592           -0.460907          0.00992766
173             -0.6736           -0.462136          0.00994611
174              -0.432           -0.461963          0.00989046
175              -0.748           -0.463598          0.00996809
176             -0.4328           -0.463423          0.00991299
177             -0.5152           -0.463715           0.0098613
178             -0.5936           -0.464445          0.00983286
179             -0.5216           -0.464764          0.00978311
180             -0.4384           -0.464618          0.00972985
181              -0.524           -0.464946          0.00968163
182             -0.5232           -0.465266          0.00963372
183             -0.5992           -0.465998          0.00960884
184             -0.4408           -0.465861          0.00955759
185             -0.4368           -0.465704          0.00950722
186               -0.12           -0.463845          0.00963607
187             -0.3568           -0.463273          0.00960153
188             -0.6744           -0.464396          0.00961591
189             -0.7496           -0.465905          0.00968271
190             -0.4296           -0.465714          0.00963363
191              -0.668           -0.466773          0.00964123
192             -0.5888           -0.467408          0.00961195
193              -0.272           -0.466396          0.00961532
194             -0.5184           -0.466664          0.00956949
195             -0.5176           -0.466925          0.00952398
196             -0.5992             -0.4676          0.00949927
197             -0.4312           -0.467415          0.00945285
198             -0.4312           -0.467232          0.00940688
199             -0.5904           -0.467851          0.00937994
200              -0.432           -0.467672          0.00933476
201             -0.5968           -0.468314           0.0093104
202             -0.3584            -0.46777          0.00928019
203             -0.2792           -0.466841          0.00928085
204             -0.2792           -0.465922          0.00928083
205             -0.3616           -0.465413          0.00924949
206             -0.3616           -0.464909          0.00921831
207             -0.2768              -0.464          0.00921846
208              -0.356           -0.463481          0.00918875
209             -0.3592           -0.462982          0.00915832
210             -0.5224           -0.463265          0.00911908
211             -0.3592           -0.462772          0.00908919
212              -0.444           -0.462683          0.00904675
213              -0.528            -0.46299          0.00900947
214             -0.5296           -0.463301          0.00897275
215             -0.4464           -0.463222          0.00893136
216             -0.5216           -0.463493           0.0088941
217              -0.284           -0.462665          0.00889149
218             -0.3656            -0.46222          0.00886185
219             -0.3648           -0.461775          0.00883254
220             -0.5168           -0.462025          0.00879593
221               -0.52           -0.462288          0.00876004
222             -0.4376           -0.462177          0.00872129
223               -0.28            -0.46136          0.00872036
224             -0.4456           -0.461289          0.00868171
225             -0.3648            -0.46086          0.00865371
226              -0.524            -0.46114          0.00861993
227               -0.44           -0.461047          0.00858246
228             -0.2824           -0.460263          0.00858051
229             -0.2776           -0.459466          0.00858003
230              -0.524           -0.459746          0.00854731
231             -0.5272           -0.460038           0.0085153
232             -0.6888           -0.461024           0.0085355
233             -0.6064           -0.461648          0.00852164
234             -0.3696           -0.461255          0.00849429
235              -0.364           -0.460841          0.00846822
236             -0.2824           -0.460085          0.00846603
237             -0.3576           -0.459652          0.00844134
238             -0.5952           -0.460222          0.00842507
239              -0.516           -0.460455          0.00839305
240             -0.4352            -0.46035          0.00835874
241              -0.356           -0.459917          0.00833526
242             -0.5128           -0.460136          0.00830368
243             -0.4328           -0.460023          0.00827027
244              -0.284           -0.459302          0.00826778
245             -0.6856           -0.460225          0.00828547
246             -0.6064            -0.46082          0.00827307
247             -0.3616           -0.460418          0.00824932
248             -0.5992           -0.460977          0.00823501
249             -0.4408           -0.460896          0.00820234
250             -0.4384           -0.460806          0.00817003
251             -0.4376           -0.460714            0.008138
252             -0.6056           -0.461289          0.00812599
253             -0.4432           -0.461217          0.00809419
254             -0.5304            -0.46149           0.0080669
255             -0.6128           -0.462083          0.00805706
256             -0.2856           -0.461394          0.00805502
257             -0.4488           -0.461345          0.00802383
258             -0.4472            -0.46129          0.00799292
259              -0.444           -0.461223          0.00796234
260             -0.3616            -0.46084          0.00794093
261              -0.528           -0.461097          0.00791467
262             -0.4504           -0.461056          0.00788457
263             -0.4472           -0.461004          0.00785476
264             -0.3696           -0.460658          0.00783264
265              -0.516           -0.460866          0.00780586
266             -0.5136           -0.461065          0.00777903
267              -0.516            -0.46127          0.00775262
268               -0.36           -0.460893           0.0077329
269             -0.5208           -0.461115          0.00770736
270             -0.4392           -0.461034          0.00767924
271             -0.6032           -0.461559           0.0076688
272             -0.6032           -0.462079          0.00765826
273             -0.4448           -0.462016          0.00763047
274             -0.5288            -0.46226          0.00760652
275             -0.7744           -0.463395          0.00766308
276              -0.368           -0.463049           0.0076431
277              -0.608           -0.463573           0.0076334
278             -0.3656            -0.46322          0.00761407
279             -0.4472           -0.463163            0.007587
280             -0.3648           -0.462811          0.00756803
281             -0.2816           -0.462167          0.00756853
282             -0.4424           -0.462096          0.00754201
283             -0.3608           -0.461739          0.00752385
284             -0.3624           -0.461389          0.00750548
285             -0.6024           -0.461884          0.00749544
286             -0.4384           -0.461801          0.00746968
287             -0.3592           -0.461444           0.0074522
288             -0.1968           -0.460525          0.00748277
289              -0.284           -0.459914          0.00748176
290             -0.3608           -0.459572          0.00746377
291             -0.4384             -0.4595          0.00743847
292             -0.7568           -0.460518          0.00748236
293             -0.5984           -0.460988           0.0074716
294              -0.596           -0.461448          0.00746029
295             -0.4328           -0.461351          0.00743563
296             -0.4352           -0.461262          0.00741103
297              -0.276           -0.460638          0.00741229
298             -0.5168           -0.460827          0.00738981
299               -0.36            -0.46049          0.00737278
300             -0.3688           -0.460184          0.00735454
301             -0.2056           -0.459338          0.00737858
302             -0.2824           -0.458752          0.00737737
303             -0.2768           -0.458152          0.00737742
304             -0.4392           -0.458089          0.00735342
305             -0.4416           -0.458035          0.00732951
306              -0.444            -0.45799           0.0073057
307             -0.5216           -0.458197          0.00728484
308             -0.6768           -0.458906          0.00729568
309             -0.3632           -0.458597          0.00727864
310             -0.5232           -0.458805          0.00725814
311              -0.364             -0.4585          0.00724121
312             -0.4408           -0.458444          0.00721822
313             -0.5232            -0.45865          0.00719812
314             -0.5208           -0.458848          0.00717792
315               -0.28           -0.458281          0.00717755
316             -0.5192           -0.458473          0.00715743
317             -0.3632           -0.458173          0.00714116
318             -0.3608           -0.457867          0.00712526
319             -0.5256           -0.458079          0.00710609
320             -0.5232           -0.458283          0.00708679
321             -0.4416           -0.458231          0.00706491
322             -0.4384           -0.458169          0.00704324
323             -0.4408           -0.458115          0.00702163
324             -0.4424           -0.458067          0.00700013
325             -0.3624           -0.457772          0.00698478
326             -0.6008           -0.458211          0.00697712
327               -0.52             -0.4584          0.00695834
328              -0.436           -0.458332          0.00693746
329             -0.5232           -0.458529          0.00691917
330             -0.4384           -0.458468          0.00689848
331             -0.4408           -0.458415          0.00687784
332             -0.3656           -0.458135           0.0068628
333             -0.5264            -0.45834          0.00684526
334             -0.5232           -0.458534          0.00682752
335              -0.604           -0.458968          0.00682093
336             -0.3608           -0.458676          0.00680688
337             -0.2816           -0.458151          0.00680694
338             -0.4336           -0.458078          0.00678718
339             -0.5192           -0.458258          0.00676956
340             -0.4408           -0.458207          0.00674984
341               -0.44           -0.458154          0.00673026
342             -0.3544            -0.45785          0.00671741
343             -0.3536           -0.457546           0.0067047
344              -0.512           -0.457705          0.00668708
345             -0.5928           -0.458096          0.00667915
346             -0.5112            -0.45825          0.00666161
347              -0.276           -0.457724          0.00666309
348             -0.2808           -0.457216          0.00666331
349             -0.3552           -0.456924          0.00665062
350             -0.4448           -0.456889          0.00663171
351             -0.4496           -0.456868          0.00661285
352             -0.4472           -0.456841          0.00659412
353             -0.3632           -0.456576          0.00658077
354             -0.5216           -0.456759          0.00656475
355               -0.44           -0.456712          0.00654642
356             -0.4472           -0.456685          0.00652809
357             -0.6088           -0.457111          0.00652369
358             -0.2824           -0.456623           0.0065237
359             -0.5976           -0.457016          0.00651734
360               -0.52           -0.457191          0.00650158
361             -0.4384           -0.457139          0.00648378
362             -0.5984           -0.457529           0.0064776
363             -0.6008           -0.457924          0.00647177
364             -0.6864           -0.458552          0.00648436
365             -0.4456           -0.458516          0.00646669
366             -0.3648            -0.45826          0.00645409
367             -0.5224           -0.458435          0.00643887
368             -0.4472           -0.458404          0.00642144
369               -0.36           -0.458138          0.00640958
370             -0.4392           -0.458086          0.00639246
371             -0.4448           -0.458051          0.00637533
372             -0.4424           -0.458009          0.00635833
373             -0.5256            -0.45819          0.00634386
374             -0.6816           -0.458787          0.00635496
375             -0.2768           -0.458302          0.00635652
376             -0.3592           -0.458038          0.00634508
377             -0.5128           -0.458184          0.00632991
378             -0.5176           -0.458341          0.00631511
379             -0.6024           -0.458721          0.00630988
380               -0.36           -0.458461          0.00629862
381              -0.672           -0.459022          0.00630697
382               -0.36           -0.458762          0.00629579
383             -0.6088           -0.459154          0.00629153
384              -0.444           -0.459115          0.00627527
385             -0.3576           -0.458851           0.0062645
386             -0.5168           -0.459001          0.00625007
387             -0.4344           -0.458937          0.00623425
388             -0.5176           -0.459089          0.00622001
389              -0.444            -0.45905          0.00620414
390              -0.524           -0.459216          0.00619047
391              -0.524           -0.459382          0.00617685
392             -0.4392           -0.459331          0.00616131
393             -0.5216           -0.459489          0.00614767
394             -0.5192           -0.459641          0.00613394
395             -0.5208           -0.459795          0.00612036
396             -0.6048           -0.460162          0.00611585
397              -0.688           -0.460736          0.00612731
398             -0.5264           -0.460901          0.00611414
399             -0.4376           -0.460842          0.00609909
400             -0.5936           -0.461174          0.00609287
401             -0.3528           -0.460904          0.00608367
402             -0.5944           -0.461236          0.00607759
403             -0.6768           -0.461771            0.006086
404             -0.4376           -0.461711          0.00607123
405             -0.5968           -0.462044           0.0060654
406             -0.5144           -0.462173          0.00605183
407             -0.4416           -0.462123          0.00603717
408             -0.5248           -0.462276          0.00602433
409             -0.6032           -0.462621          0.00601944
410             -0.5232           -0.462769          0.00600657
411               -0.36           -0.462519          0.00599716
412                -0.6           -0.462852          0.00599188
413             -0.5224           -0.462997          0.00597911
414             -0.3576           -0.462742          0.00597008
415             -0.4424           -0.462693           0.0059559
416             -0.3664           -0.462462          0.00594608
417             -0.5216           -0.462603          0.00593351
418             -0.5296           -0.462764          0.00592148
419             -0.8568           -0.463704          0.00598156
420             -0.8568            -0.46464          0.00604009
421             -0.5328           -0.464802          0.00602792
422             -0.5312           -0.464959          0.00601569
423             -0.5304           -0.465114          0.00600345
424             -0.5304           -0.465268          0.00599127
425              -0.368           -0.465039          0.00598154
426              -0.284           -0.464614          0.00598258
427             -0.4448           -0.464568          0.00596875
428             -0.6048           -0.464895          0.00596379
429             -0.4496            -0.46486          0.00594999
430             -0.2848           -0.464441          0.00595087
431             -0.3616           -0.464202          0.00594185
432             -0.4424           -0.464152          0.00592831
433             -0.4416             -0.4641          0.00591484
434             -0.4424            -0.46405          0.00590143
435             -0.5248           -0.464189          0.00588951
436             -0.3696           -0.463972             0.00588
437             -0.6072             -0.4643          0.00587567
438             -0.6832             -0.4648          0.00588347
439             -0.5184           -0.464922          0.00587134
440             -0.5168            -0.46504          0.00585918
441             -0.3536           -0.464787          0.00585134
442              -0.352           -0.464532          0.00584366
443             -0.1936           -0.463921          0.00586239
444             -0.6704           -0.464386           0.0058676
445             -0.3576           -0.464146          0.00585932
446             -0.5216           -0.464274           0.0058476
447               -0.36           -0.464041          0.00583917
448             -0.4456              -0.464          0.00582628
449             -0.2824           -0.463596          0.00582732
450             -0.4424           -0.463548          0.00581456
451             -0.2768           -0.463134           0.0058164
452             -0.2704           -0.462708          0.00581914
453             -0.1944           -0.462116          0.00583636
454             -0.4368            -0.46206          0.00582377
455             -0.3536           -0.461822          0.00581584
456             -0.3576           -0.461593          0.00580758
457             -0.5256           -0.461733          0.00579656
458             -0.4456           -0.461698          0.00578401
459             -0.4472           -0.461666           0.0057715
460             -0.4408           -0.461621          0.00575913
461               -0.52           -0.461748          0.00574803
462             -0.6792           -0.462218          0.00575482
463             -0.4352            -0.46216          0.00574269
464              -0.276           -0.461759          0.00574431
465             -0.2864           -0.461382          0.00574432
466              -0.448           -0.461353          0.00573207
467              -0.532           -0.461504          0.00572179
468             -0.6128           -0.461827          0.00571869
469             -0.6872           -0.462308          0.00572665
470             -0.6032           -0.462608          0.00572231
471             -0.6032           -0.462906          0.00571794
472             -0.3624           -0.462693          0.00570979
473             -0.7528           -0.463307          0.00573056
474             -0.5936           -0.463581          0.00572506
475              -0.276           -0.463187          0.00572661
476             -0.4376           -0.463133          0.00571483
477             -0.5184           -0.463249          0.00570403
478              -0.516           -0.463359          0.00569316
479             -0.5192           -0.463476          0.00568247
480             -0.4416            -0.46343          0.00567081
481             -0.6024           -0.463719          0.00566638
482             -0.6064           -0.464015          0.00566235
483             -0.6056           -0.464308          0.00565821
484             -0.4472           -0.464273          0.00564663
485             -0.3584           -0.464054           0.0056392
486             -0.2752           -0.463666          0.00564097
487             -0.4384           -0.463614          0.00562963
488             -0.4344           -0.463554          0.00561841
489             -0.5088           -0.463647          0.00560768
490             -0.6712            -0.46407          0.00561221
491             -0.4352           -0.464011          0.00560109
492             -0.5896           -0.464267          0.00559552
493             -0.3544           -0.464044          0.00558861
494              -0.356           -0.463825          0.00558157
495             -0.3576           -0.463611          0.00557442
496              -0.516           -0.463716          0.00556418
497             -0.6008           -0.463992          0.00555982
498             -0.2024           -0.463467          0.00557341
499             -0.4392           -0.463418          0.00556246
500             -0.5176           -0.463526          0.00555239
501             -0.1992           -0.462999          0.00556631
502             -0.6832           -0.463437          0.00557248
503              -0.524           -0.463558          0.00556271
504              -0.444           -0.463519           0.0055518
505             -0.2824            -0.46316          0.00555238
506             -0.5184            -0.46327          0.00554248
507             -0.3576           -0.463061          0.00553547
508              -0.676            -0.46348          0.00554042
509             -0.5184           -0.463588          0.00553058
510             -0.5248           -0.463708          0.00552104
511             -0.5248           -0.463828          0.00551153
512             -0.3656           -0.463636          0.00550411
513             -0.7712           -0.464235          0.00552593
514             -0.6888           -0.464672          0.00553243
515             -0.2048           -0.464168          0.00554465
516             -0.2808           -0.463812          0.00554528
517              -0.516           -0.463913          0.00553547
518             -0.3536             -0.4637          0.00552888
519             -0.4408           -0.463656           0.0055184
520             -0.3592           -0.463455          0.00551145
521             -0.5224           -0.463569          0.00550203
522               -0.28           -0.463217          0.00550272
523             -0.5176           -0.463321          0.00549318
524             -0.5936           -0.463569          0.00548832
525             -0.3576           -0.463368          0.00548157
526             -0.6856            -0.46379          0.00548741
527             -0.6864           -0.464213          0.00549323
528             -0.5272           -0.464332          0.00548412
529             -0.4456           -0.464296          0.00547387
530             -0.6096           -0.464571           0.0054704
531             -0.4408           -0.464526          0.00546028
532             -0.4408           -0.464481           0.0054502
533             -0.3616           -0.464288          0.00544339
534             -0.3616           -0.464096           0.0054366
535             -0.4384           -0.464048          0.00542665
536              -0.356           -0.463846          0.00542026
537             -0.4312           -0.463785          0.00541051
538             -0.5144            -0.46388          0.00540127
539             -0.3568           -0.463681           0.0053949
540             -0.2784           -0.463338          0.00539581
541               -0.44           -0.463295          0.00538601
542             -0.6016            -0.46355          0.00538212
543             -0.3552            -0.46335           0.0053759
544             -0.5192           -0.463453            0.005367
545             -0.5224           -0.463561          0.00535824
546             -0.1968           -0.463073          0.00537066
547             -0.2808           -0.462739          0.00537117
548               -0.28           -0.462406          0.00537171
549              -0.444           -0.462372          0.00536203
550             -0.3696           -0.462204          0.00535493
551              -0.528           -0.462323          0.00534654
552             -0.6088           -0.462588          0.00534344
553             -0.2864            -0.46227          0.00534327
554             -0.5232            -0.46238          0.00533475
555             -0.2824           -0.462055          0.00533499
556             -0.5184           -0.462157          0.00532635
557             -0.3552           -0.461965          0.00532025
558             -0.6776           -0.462351          0.00532473
559             -0.4416           -0.462314          0.00531534
560             -0.2816           -0.461991          0.00531563
561             -0.4424           -0.461957          0.00530627
562             -0.6072           -0.462215          0.00530312
563             -0.4464           -0.462187          0.00529378
564             -0.3656           -0.462016          0.00528716
565             -0.5232           -0.462124          0.00527891
566             -0.4416           -0.462088          0.00526971
567             -0.4392           -0.462047          0.00526057
568             -0.5232           -0.462155          0.00525241
569             -0.4384           -0.462113          0.00524334
570             -0.3664           -0.461945          0.00523683
571              -0.364           -0.461774          0.00523047
572             -0.4472           -0.461748          0.00522139
573             -0.5272           -0.461862          0.00521352
574             -0.6904           -0.462261          0.00521962
575             -0.5248           -0.462369          0.00521168
576             -0.4424           -0.462335          0.00520275
577             -0.3616            -0.46216          0.00519666
578             -0.4456           -0.462131          0.00518775
579             -0.3664           -0.461966          0.00518142
580             -0.6032            -0.46221           0.0051782
581             -0.4376           -0.462167          0.00516947
582             -0.4368           -0.462124          0.00516077
583             -0.5216           -0.462226          0.00515292
584             -0.4448           -0.462196          0.00514419
585              -0.448           -0.462172          0.00513545
586             -0.2864           -0.461872          0.00513544
587             -0.4488           -0.461849          0.00512674
588              -0.444           -0.461819          0.00511811
589             -0.4432           -0.461787          0.00510952
590             -0.5256           -0.461896            0.005102
591             -0.6032           -0.462135          0.00509897
592                -0.6           -0.462368          0.00509567
593             -0.4416           -0.462333           0.0050872
594              -0.444           -0.462302          0.00507873
595               -0.52           -0.462399          0.00507112
596             -0.5224           -0.462499          0.00506361
597             -0.4448            -0.46247          0.00505521
598             -0.3624           -0.462302          0.00504953
599             -0.4424           -0.462269          0.00504121
600             -0.2032           -0.461837          0.00505126
601             -0.3624           -0.461672          0.00504557
602             -0.3584             -0.4615           0.0050401
603             -0.5264           -0.461608          0.00503289
604             -0.5216           -0.461707          0.00502554
605             -0.5976           -0.461932          0.00502225
606             -0.5984           -0.462157          0.00501901
607             -0.4424           -0.462125          0.00501084
608             -0.3568           -0.461951           0.0050056
609             -0.5184           -0.462044          0.00499824
610                -0.6            -0.46227          0.00499516
611             -0.5192           -0.462363          0.00498785
612             -0.5184           -0.462455          0.00498054
613             -0.3608           -0.462289          0.00497517
614             -0.4432           -0.462258          0.00496717
615             -0.5184           -0.462349          0.00495993
616               -0.68           -0.462703          0.00496445
617             -0.6008           -0.462926          0.00496144
618              -0.364           -0.462766            0.004956
619             -0.4424           -0.462733           0.0049481
620              -0.444           -0.462703          0.00494021
621              -0.604           -0.462931          0.00493749
622             -0.4424           -0.462898          0.00492967
623             -0.3584            -0.46273          0.00492461
624             -0.5152           -0.462814          0.00491743
625             -0.5952           -0.463026          0.00491412
626             -0.6032            -0.46325          0.00491137
627             -0.6048           -0.463476          0.00490873
628             -0.2824           -0.463187          0.00490937
629             -0.4384           -0.463148          0.00490172
630             -0.5184           -0.463236          0.00489473
631             -0.5184           -0.463323          0.00488775
632             -0.3584           -0.463157          0.00488284
633             -0.2832           -0.462873          0.00488339
634             -0.6048           -0.463097          0.00488082
635             -0.3624           -0.462938          0.00487571
636             -0.2768           -0.462645          0.00487682
637               -0.36           -0.462484          0.00487182
638             -0.5232           -0.462579          0.00486512
639             -0.5184           -0.462667          0.00485829
640             -0.5208           -0.462758          0.00485154
641             -0.2824           -0.462476          0.00485213
642             -0.6864           -0.462825          0.00485709
643              -0.692           -0.463181          0.00486259
644             -0.5272           -0.463281          0.00485606
645             -0.4432            -0.46325          0.00484863
646               -0.52           -0.463337          0.00484192
647             -0.5928           -0.463538          0.00483857
648             -0.5944            -0.46374          0.00483532
649              -0.276            -0.46345          0.00483651
650             -0.2776           -0.463164          0.00483751
651             -0.3672           -0.463017          0.00483233
652             -0.4456            -0.46299          0.00482499
653             -0.5224           -0.463081          0.00481846
654                -0.6           -0.463291          0.00481564
655             -0.4368            -0.46325          0.00480846
656             -0.5216           -0.463339          0.00480195
657             -0.4384           -0.463301          0.00479479
658             -0.4392           -0.463264          0.00478764
659             -0.2808           -0.462988          0.00478838
660             -0.6008           -0.463196          0.00478567
661             -0.3624           -0.463044          0.00478086
662              -0.364           -0.462894          0.00477598
663             -0.4344           -0.462851          0.00476897
664             -0.5152            -0.46293          0.00476244
665             -0.4328           -0.462885          0.00475549
666             -0.3544           -0.462722          0.00475114
667             -0.5184           -0.462805          0.00474475
668              -0.592           -0.462999          0.00474159
669             -0.5176            -0.46308           0.0047352
670             -0.2832           -0.462812          0.00473574
671             -0.6088            -0.46303          0.00473368
672              -0.684           -0.463358          0.00473804
673             -0.4432           -0.463328           0.0047311
674                -0.2           -0.462938          0.00474018
675                -0.2           -0.462548          0.00474914
676             -0.6832           -0.462875          0.00475332
677             -0.3688           -0.462736          0.00474833
678             -0.5184           -0.462818          0.00474203
679             -0.5976           -0.463016           0.0047392
680              -0.516           -0.463094          0.00473287
681              -0.196           -0.462702          0.00474215
682             -0.4368           -0.462664          0.00473534
683              -0.596           -0.462859          0.00473243
684             -0.5976           -0.463056          0.00472961
685             -0.5968           -0.463251          0.00472674
686             -0.4416            -0.46322          0.00471995
687             -0.5984           -0.463417          0.00471718
688             -0.6808           -0.463733          0.00472089
689             -0.6792           -0.464045          0.00472439
690             -0.6872           -0.464369           0.0047286
691              -0.608           -0.464577          0.00472632
692             -0.3632            -0.46443          0.00472176
693             -0.6024           -0.464629          0.00471914
694             -0.5224           -0.464712          0.00471308
695               -0.36           -0.464562           0.0047087
696             -0.4448           -0.464533          0.00470202
697             -0.4416             -0.4645          0.00469539
698             -0.2776           -0.464233           0.0046963
699               -0.36           -0.464084          0.00469194
700             -0.5976           -0.464274          0.00468912
701               -0.36           -0.464126          0.00468479
702             -0.3624           -0.463981          0.00468035
703             -0.1144           -0.463483          0.00470004
704             -0.4376           -0.463447          0.00469351
705             -0.5176           -0.463523          0.00468748
706             -0.5248            -0.46361          0.00468164
707              -0.604           -0.463809          0.00467923
708             -0.6064            -0.46401          0.00467695
709             -0.4432           -0.463981          0.00467045
710             -0.5264           -0.464069           0.0046647
711              -0.444           -0.464041          0.00465822
712             -0.3568            -0.46389          0.00465411
713               -0.44           -0.463856          0.00464771
714               -0.44           -0.463823          0.00464132
715             -0.6768           -0.464121          0.00464437
716             -0.3584           -0.463973          0.00464023
717             -0.2824            -0.46372          0.00464067
718               -0.68           -0.464021          0.00464397
719             -0.6056           -0.464218          0.00464168
720             -0.4416           -0.464187          0.00463534
721              -0.444           -0.464159            0.004629
722             -0.5248           -0.464243          0.00462335
723               -0.36           -0.464098           0.0046192
724             -0.5184           -0.464173          0.00461343
725             -0.4344           -0.464132          0.00460725
726             -0.2784           -0.463877            0.004608
727             -0.3608           -0.463735          0.00460384
728             -0.3608           -0.463593          0.00459969
729             -0.1952           -0.463225          0.00460809
730             -0.2768            -0.46297          0.00460885
731             -0.3624           -0.462832           0.0046046
732             -0.4448           -0.462808          0.00459837
733             -0.3624           -0.462671          0.00459414
734               -0.36           -0.462531          0.00459001
735             -0.5976           -0.462715          0.00458744
736             -0.5944           -0.462893           0.0045847
737             -0.4352           -0.462856          0.00457863
738             -0.5136           -0.462925          0.00457294
739             -0.5904           -0.463097          0.00457001
740              -0.672           -0.463379          0.00457254
741             -0.6744           -0.463664          0.00457523
742              -0.352           -0.463514          0.00457154
743             -0.3528           -0.463365          0.00456781
744             -0.4384           -0.463331           0.0045618
745             -0.5144             -0.4634          0.00455619
746             -0.4376           -0.463365          0.00455021
747             -0.4368            -0.46333          0.00454426
748             -0.5152           -0.463399          0.00453871
749              -0.432           -0.463357          0.00453285
750             -0.2728           -0.463103          0.00453392
751             -0.3544           -0.462958          0.00453019
752             -0.2776           -0.462712          0.00453087
753             -0.4368           -0.462677          0.00452498
754             -0.5216           -0.462755          0.00451966
755             -0.4424           -0.462728          0.00451375
756             -0.3632           -0.462597           0.0045097
757              -0.204           -0.462255          0.00451666
758             -0.6096            -0.46245          0.00451488
759              -0.284           -0.462214          0.00451505
760             -0.3648           -0.462086          0.00451093
761             -0.2824            -0.46185          0.00451118
762             -0.3536           -0.461708           0.0045075
763             -0.4368           -0.461675          0.00450171
764             -0.5208           -0.461753          0.00449648
765              -0.524           -0.461834          0.00449134
766             -0.5288           -0.461922          0.00448632
767             -0.4496           -0.461906           0.0044805
768             -0.3688           -0.461784          0.00447631
769             -0.5256           -0.461867          0.00447126
770             -0.5256            -0.46195          0.00446622
771             -0.3592           -0.461817          0.00446241
772             -0.5192           -0.461891          0.00445725
773             -0.6744           -0.462166          0.00445995
774             -0.5168           -0.462237          0.00445475
775             -0.4328           -0.462199          0.00444917
776             -0.4384           -0.462168          0.00444354
777             -0.5256            -0.46225          0.00443857
778             -0.2024           -0.461916          0.00444541
779             -0.2864            -0.46169          0.00444541
780             -0.4464           -0.461671          0.00443976
781             -0.5288           -0.461757           0.0044349
782             -0.4528           -0.461745          0.00442925
783             -0.7688           -0.462137          0.00444092
784             -0.6888           -0.462427          0.00444465
785             -0.6856           -0.462711          0.00444807
786             -0.4432           -0.462686          0.00444248
787             -0.5208            -0.46276          0.00443745
788               -0.52           -0.462832          0.00443242
789              -0.524            -0.46291          0.00442748
790             -0.3632           -0.462784          0.00442367
791             -0.5184           -0.462854          0.00441864
792             -0.4376           -0.462822          0.00441317
793             -0.5176           -0.462891          0.00440815
794             -0.5968            -0.46306          0.00440582
795               -0.36            -0.46293          0.00440219
796                -0.6           -0.463103          0.00440002
797             -0.6016           -0.463276          0.00439793
798             -0.6016            -0.46345          0.00439583
799             -0.4432           -0.463424          0.00439041
800             -0.5216           -0.463497          0.00438552
801             -0.5208           -0.463569          0.00438063
802             -0.2808           -0.463341          0.00438109
803                -0.2           -0.463013          0.00438789
804             -0.4344           -0.462977          0.00438258
805             -0.3592           -0.462848          0.00437903
806             -0.2768           -0.462617          0.00437968
807             -0.3584           -0.462488          0.00437615
808             -0.2008           -0.462164           0.0043827
809             -0.4384           -0.462135          0.00437739
810               -0.36           -0.462009           0.0043738
811             -0.3552           -0.461877          0.00437039
812             -0.4392           -0.461849          0.00436509
813             -0.4408           -0.461823           0.0043598
814             -0.3624           -0.461701          0.00435616
815              -0.364           -0.461581          0.00435246
816               -0.44           -0.461555          0.00434721
817             -0.4368           -0.461525          0.00434199
818             -0.4424           -0.461501          0.00433675
819             -0.4392           -0.461474          0.00433154
820             -0.0416           -0.460962          0.00435641
821             -0.6048           -0.461137          0.00435463
822             -0.5184           -0.461207          0.00434989
823             -0.3584           -0.461082           0.0043464
824              -0.448           -0.461066          0.00434115
825             -0.6064           -0.461242          0.00433946
826             -0.6096           -0.461422          0.00433792
827             -0.4432             -0.4614          0.00433273
828             -0.5208           -0.461471          0.00432809
829             -0.5984           -0.461637          0.00432602
830             -0.5984           -0.461801          0.00432395
831              -0.524           -0.461876          0.00431939
832               -0.36           -0.461754          0.00431594
833             -0.4464           -0.461735           0.0043108
834              -0.288           -0.461527          0.00431066
835             -0.3632           -0.461409           0.0043071
836              -0.444           -0.461389            0.004302
837             -0.5192           -0.461458          0.00429742
838               -0.44           -0.461432          0.00429236
839             -0.5216           -0.461504          0.00428785
840             -0.4432           -0.461482           0.0042828
841             -0.7616           -0.461839          0.00429255
842             -0.3552           -0.461712          0.00428932
843              -0.356           -0.461587          0.00428606
844             -0.1208           -0.461183          0.00429996
845             -0.4456           -0.461164          0.00429491
846             -0.5248            -0.46124          0.00429049
847             -0.4376           -0.461212          0.00428552
848             -0.5992           -0.461375          0.00428355
849             -0.4416           -0.461351          0.00427857
850               -0.52            -0.46142          0.00427409
851             -0.5152           -0.461483          0.00426954
852             -0.4392           -0.461457          0.00426461
853             -0.4408           -0.461433          0.00425968
854              -0.196           -0.461122          0.00426601
855             -0.3576           -0.461001          0.00426274
856             -0.4392           -0.460976          0.00425784
857             -0.3576           -0.460855          0.00425458
858             -0.3584           -0.460736          0.00425129
859             -0.3592           -0.460617          0.00424799
860             -0.2016           -0.460316          0.00425371
861             -0.3632           -0.460203          0.00425027
862              -0.608           -0.460375          0.00424879
863             -0.4472            -0.46036           0.0042439
864             -0.2832           -0.460155          0.00424394
865               -0.44           -0.460131          0.00423909
866              -0.356           -0.460011           0.0042359
867             -0.5168           -0.460077          0.00423152
868             -0.4368            -0.46005          0.00422673
869             -0.4352           -0.460021          0.00422197
870             -0.5896            -0.46017          0.00421974
871             -0.5944           -0.460324          0.00421771
872             -0.5928           -0.460476          0.00421561
873             -0.3592            -0.46036          0.00421237
874              -0.364            -0.46025            0.004209
875             -0.5232           -0.460322           0.0042048
876             -0.4416             -0.4603          0.00420006
877             -0.6048           -0.460465           0.0041985
878             -0.2808           -0.460261           0.0041987
879             -0.2784           -0.460054          0.00419902
880             -0.4392            -0.46003          0.00419431
881             -0.6056           -0.460195           0.0041928
882             -0.5256           -0.460269          0.00418871
883             -0.6088           -0.460438          0.00418734
884             -0.4456           -0.460421          0.00418264
885              -0.528           -0.460497          0.00417861
886             -0.3648           -0.460389          0.00417529
887             -0.4424           -0.460369          0.00417063
888             -0.7616           -0.460708           0.0041797
889             -0.6016           -0.460867          0.00417801
890             -0.3616           -0.460755           0.0041748
891             -0.5184            -0.46082          0.00417062
892             -0.5264           -0.460893          0.00416659
893             -0.5216           -0.460961          0.00416248
894             -0.6032            -0.46112          0.00416086
895             -0.4424           -0.461099          0.00415626
896             -0.2048           -0.460813          0.00416146
897             -0.3672           -0.460709          0.00415813
898             -0.3632             -0.4606          0.00415491
899               -0.52           -0.460667          0.00415082
900             -0.4376           -0.460641          0.00414628
901             -0.3592           -0.460528          0.00414321
902             -0.1992           -0.460239          0.00414873
903             -0.3576           -0.460125           0.0041457
904             -0.5128           -0.460183          0.00414152
905             -0.3584           -0.460071          0.00413847
906               -0.52           -0.460137          0.00413443
907             -0.5992            -0.46029          0.00413272
908             -0.3592           -0.460179          0.00412966
909             -0.3648           -0.460074          0.00412645
910             -0.4488           -0.460062          0.00412194
911             -0.4496            -0.46005          0.00411743
912             -0.3672           -0.459948          0.00411417
913             -0.5264           -0.460021          0.00411031
914             -0.3624           -0.459914           0.0041072
915             -0.5944           -0.460061          0.00410534
916              -0.516           -0.460122          0.00410131
917             -0.6792           -0.460361          0.00410379
918             -0.4408            -0.46034          0.00409938
919               -0.44           -0.460318          0.00409498
920             -0.4416           -0.460297          0.00409058
921              -0.596           -0.460445          0.00408879
922             -0.4352           -0.460417          0.00408444
923             -0.4432           -0.460399          0.00408006
924             -0.4416           -0.460378           0.0040757
925              -0.124           -0.460015          0.00408748
926             -0.5232           -0.460083          0.00408364
927              -0.436           -0.460057          0.00407931
928              -0.516           -0.460117          0.00407536
929             -0.5088            -0.46017          0.00407131
930             -0.5888           -0.460308          0.00406929
931             -0.4352           -0.460281            0.004065
932             -0.5152            -0.46034          0.00406107
933             -0.4336           -0.460311          0.00405682
934             -0.4416           -0.460291          0.00405252
935             -0.3624           -0.460187          0.00404954
936              -0.364           -0.460084          0.00404652
937             -0.4384           -0.460061          0.00404227
938             -0.5984           -0.460208          0.00404065
939             -0.5936            -0.46035          0.00403884
940             -0.7576           -0.460666           0.0040469
941             -0.4352           -0.460639          0.00404269
942               -0.52           -0.460702          0.00403889
943             -0.4408           -0.460681          0.00403467
944             -0.4336           -0.460653          0.00403049
945             -0.6752            -0.46088          0.00403262
946             -0.7576           -0.461193          0.00404053
947             -0.5256           -0.461261          0.00403684
948             -0.5992           -0.461407           0.0040352
949             -0.5248           -0.461474           0.0040315
950              -0.524           -0.461539           0.0040278
951               -0.44           -0.461517          0.00402363
952             -0.4384           -0.461492          0.00401947
953              -0.596           -0.461634          0.00401773
954              -0.596           -0.461774          0.00401599
955             -0.4432           -0.461755          0.00401183
956             -0.4432           -0.461736          0.00400768
957             -0.4456           -0.461719          0.00400353
958             -0.3688           -0.461622          0.00400052
959             -0.3576           -0.461513          0.00399782
960             -0.4392            -0.46149          0.00399373
961              -0.284           -0.461305          0.00399384
962             -0.3672           -0.461207          0.00399089
963             -0.5304           -0.461279          0.00398739
964             -0.4488           -0.461266          0.00398327
965             -0.3632           -0.461165          0.00398044
966             -0.4448           -0.461148          0.00397636
967             -0.6848           -0.461379          0.00397896
968             -0.4448           -0.461362          0.00397489
969              -0.364           -0.461262          0.00397206
970             -0.2776           -0.461072          0.00397247
971               -0.52           -0.461133          0.00396885
972             -0.6016           -0.461277          0.00396739
973             -0.4432           -0.461259          0.00396336
974             -0.5976           -0.461399          0.00396176
975             -0.5072           -0.461446          0.00395798
976             -0.5936           -0.461581          0.00395624
977             -0.6752             -0.4618          0.00395823
978             -0.5936           -0.461935          0.00395647
979             -0.5968           -0.462072          0.00395483
980             -0.4344           -0.462044          0.00395089
981             -0.5152           -0.462098          0.00394724
982             -0.2784           -0.461911          0.00394765
983             -0.5136           -0.461964          0.00394398
984             -0.4344           -0.461936          0.00394007
985             -0.5152            -0.46199          0.00393644
986             -0.5216            -0.46205          0.00393292
987             -0.6024           -0.462193           0.0039315
988             -0.5232           -0.462254          0.00392801
989             -0.6032           -0.462397          0.00392662
990              -0.524           -0.462459          0.00392315
991             -0.2776           -0.462272          0.00392362
992             -0.4424           -0.462252          0.00391972
993             -0.5216           -0.462312          0.00391622
994               -0.44            -0.46229          0.00391235
995             -0.3616           -0.462189          0.00390972
996             -0.4448           -0.462171          0.00390584
997             -0.4472           -0.462156          0.00390195
998             -0.4408           -0.462135           0.0038981
999             -0.4408           -0.462113          0.00389425
1000             -0.2032           -0.461854          0.00389896
