1               -0.36               -0.36                   0
2               -0.36               -0.36                   0
3               -0.08           -0.266667           0.0762063
4                0.08               -0.18           0.0943398
5                0.04              -0.136           0.0851164
6                0.04           -0.106667           0.0758165
7               -0.12           -0.108571           0.0650095
8               -0.12               -0.11            0.056899
9               -0.08           -0.106667           0.0506745
10               -0.24               -0.12           0.0473286
11               -0.16           -0.123636           0.0431655
12                0.08           -0.106667           0.0427742
13               -0.08           -0.104615            0.039533
14                -0.2           -0.111429           0.0372917
15                -0.2           -0.117333             0.03527
16                0.16                -0.1            0.037081
17                0.08          -0.0894118           0.0363801
18               -0.36           -0.104444           0.0373358
19               -0.28           -0.113684           0.0364962
20               -0.28              -0.122           0.0356062
21               -0.04           -0.118095           0.0341241
22               -0.08           -0.116364           0.0326169
23               -0.36           -0.126957           0.0328739
24               -0.04           -0.123333           0.0317032
25               -0.12             -0.1232           0.0304353
26                -0.2           -0.126154           0.0294077
27               -0.04           -0.122963           0.0284912
28                0.12           -0.114286           0.0287647
29                0.04           -0.108966           0.0282605
30                   0           -0.105333           0.0275509
31                0.08          -0.0993548           0.0273031
32                   0            -0.09625           0.0266258
33                -0.2          -0.0993939            0.026004
34               -0.24           -0.103529           0.0255659
35               -0.28           -0.108571           0.0253277
36               -0.04           -0.106667           0.0246957
37               -0.08           -0.105946           0.0240387
38                   0           -0.103158           0.0235673
39               -0.04           -0.101538           0.0230186
40                 0.2              -0.094           0.0236453
41                   0          -0.0917073           0.0231795
42               -0.04          -0.0904762           0.0226602
43                -0.2          -0.0930233           0.0222759
44               -0.16          -0.0945455           0.0218216
45                   0          -0.0924444           0.0214376
46               -0.28          -0.0965217           0.0213558
47               -0.36           -0.102128           0.0216247
48               -0.36             -0.1075           0.0218313
49               -0.24           -0.110204           0.0215526
50               -0.04             -0.1088           0.0211672
51                0.12           -0.104314           0.0212223
52                   0           -0.102308           0.0209087
53                0.44          -0.0920755           0.0228814
54                0.08          -0.0888889           0.0226784
55               -0.16          -0.0901818           0.0223029
56               -0.16          -0.0914286           0.0219395
57                0.12          -0.0877193           0.0218659
58                   0          -0.0862069           0.0215411
59               -0.28          -0.0894915            0.021425
60               -0.04          -0.0886667           0.0210838
61               -0.12          -0.0891803           0.0207444
62                0.16          -0.0851613           0.0207955
63               -0.12          -0.0857143           0.0204728
64               -0.24           -0.088125           0.0202943
65                0.04          -0.0861538           0.0200776
66                   0          -0.0848485           0.0198158
67                0.12           -0.081791           0.0197545
68               -0.04          -0.0811765           0.0194735
69               -0.24          -0.0834783           0.0193269
70               -0.12              -0.084           0.0190578
71                0.04          -0.0822535           0.0188692
72               -0.32          -0.0855556           0.0188939
73                -0.4           -0.089863           0.0191198
74                -0.2          -0.0913514           0.0189192
75                   0          -0.0901333           0.0187061
76                0.36          -0.0842105            0.019375
77                0.32           -0.078961           0.0198218
78                0.04          -0.0774359           0.0196262
79                 0.2          -0.0739241           0.0196895
80                   0              -0.073            0.019465
81                0.56          -0.0651852           0.0207342
82                0.64          -0.0565854           0.0221933
83                 0.6          -0.0486747           0.0232931
84                0.32          -0.0442857           0.0234256
85                0.28          -0.0404706           0.0234587
86                0.04          -0.0395349           0.0232045
87                0.36          -0.0349425           0.0233878
88                0.32          -0.0309091           0.0234673
89                0.32          -0.0269663           0.0235325
90                0.32          -0.0231111           0.0235847
91                0.28          -0.0197802           0.0235596
92                0.24          -0.0169565           0.0234721
93                0.28          -0.0137634           0.0234359
94                0.12          -0.0123404           0.0232297
95                   0          -0.0122105           0.0229856
96                0.08            -0.01125           0.0227662
97                0.16         -0.00948454           0.0225998
98                0.12         -0.00816327           0.0224078
99                0.28         -0.00525253           0.0223697
100                0.44             -0.0008           0.0225848
101                0.44          0.00356436            0.022779
102                0.12          0.00470588           0.0225842
103               -0.08           0.0038835           0.0223799
104                   0          0.00384615           0.0221648
105                0.72           0.0106667           0.0229791
106                0.48           0.0150943            0.023185
107                0.28           0.0175701           0.0231001
108                0.48           0.0218519           0.0232797
109                 0.2           0.0234862           0.0231234
110                0.12           0.0243636           0.0229298
111                   0           0.0241441           0.0227243
112                0.08           0.0246429           0.0225269
113                0.08           0.0251327           0.0223329
114                0.16           0.0263158           0.0221683
115                0.04           0.0264348           0.0219758
116               -0.04           0.0258621           0.0217938
117                0.08           0.0263248           0.0216125
118               -0.12           0.0250847           0.0214649
119                 0.2           0.0265546           0.0213348
120                   0           0.0263333           0.0211581
121                0.16            0.027438           0.0210121
122               -0.16           0.0259016           0.0208959
123                 0.2           0.0273171           0.0207739
124                0.16           0.0283871           0.0206339
125               -0.04             0.02784           0.0204761
126                0.12           0.0285714           0.0203267
127                0.32           0.0308661           0.0202957
128                0.48            0.034375           0.0204382
129                 0.2           0.0356589           0.0203201
130                 0.2           0.0369231           0.0202031
131                0.24           0.0384733           0.0201082
132                 0.2            0.039697           0.0199931
133                0.28           0.0415038           0.0199242
134                0.56           0.0453731           0.0201478
135                0.44           0.0482963           0.0202095
136                 0.4           0.0508824           0.0202257
137                0.32           0.0528467           0.0201732
138                 0.2            0.053913           0.0200552
139               -0.04           0.0532374           0.0199223
140                0.16               0.054           0.0197946
141                0.16           0.0547518           0.0196684
142                0.28            0.056338           0.0195938
143                 0.4           0.0587413           0.0196036
144                0.44           0.0613889           0.0196454
145                0.36           0.0634483           0.0196176
146                0.44           0.0660274            0.019652
147                0.32           0.0677551           0.0195942
148                0.24           0.0689189           0.0194963
149                0.44           0.0714094           0.0195239
150                0.24           0.0725333            0.019426
151                0.32           0.0741722           0.0193664
152                0.32           0.0757895           0.0193064
153                0.24           0.0768627             0.01921
154                0.24           0.0779221           0.0191145
155                0.16           0.0784516           0.0189985
156                0.36           0.0802564           0.0189622
157                0.48           0.0828025           0.0190116
158                0.48           0.0853165           0.0190568
159                0.24           0.0862893           0.0189617
160                0.28              0.0875           0.0188818
161                0.36           0.0891925           0.0188403
162                 0.2           0.0898765           0.0187364
163                0.28           0.0910429           0.0186577
164                0.36           0.0926829           0.0186159
165                0.36            0.094303           0.0185734
166                0.12           0.0944578           0.0184622
167                0.08           0.0943713           0.0183518
168                0.08           0.0942857           0.0182428
169                0.12           0.0944379           0.0181355
170                 0.2           0.0950588           0.0180394
171                0.04           0.0947368           0.0179368
172                -0.4           0.0918605           0.0180617
173               -0.32           0.0894798           0.0181135
174                -0.4           0.0866667           0.0182265
175                -0.6           0.0827429           0.0185399
176               -0.36           0.0802273           0.0186045
177               -0.24           0.0784181           0.0185871
178               -0.32           0.0761798            0.018617
179                0.08           0.0762011            0.018513
180               -0.08           0.0753333           0.0184304
181                 0.2           0.0760221           0.0183415
182                0.16           0.0764835           0.0182465
183               -0.04            0.075847           0.0181579
184                0.04           0.0756522           0.0180603
185               -0.16           0.0743784           0.0180075
186                   0           0.0739785           0.0179151
187               -0.16           0.0727273            0.017863
188               -0.28           0.0708511           0.0178662
189               -0.52           0.0677249           0.0180431
190               -0.52           0.0646316           0.0182114
191                -0.6           0.0611518           0.0184455
192               -0.56           0.0579167            0.018631
193                -0.4            0.055544           0.0186849
194               -0.08           0.0548454           0.0186016
195               -0.12           0.0539487           0.0185278
196               -0.04           0.0534694           0.0184395
197               -0.44           0.0509645           0.0185153
198               -0.44           0.0484848           0.0185871
199               -0.48           0.0458291           0.0186824
200                -0.4              0.0436           0.0187215
201               -0.16           0.0425871           0.0186558
202               -0.08           0.0419802           0.0185733
203               -0.04           0.0415764           0.0184862
204               -0.04           0.0411765           0.0183999
205                0.08           0.0413659           0.0183111
206                0.08           0.0415534           0.0182232
207               -0.16           0.0405797           0.0181611
208                -0.2           0.0394231           0.0181106
209               -0.04           0.0390431           0.0180279
210                0.12           0.0394286           0.0179462
211               -0.04           0.0390521           0.0178651
212                 0.2           0.0398113            0.017797
213                 0.4           0.0415023           0.0177936
214                0.48           0.0435514            0.017828
215                0.32           0.0448372           0.0177914
216                0.08               0.045           0.0177098
217                 0.2           0.0457143           0.0176426
218                0.28            0.046789           0.0175943
219                0.24           0.0476712           0.0175361
220               -0.16           0.0467273           0.0174818
221                   0           0.0465158            0.017404
222               -0.12           0.0457658           0.0173417
223                   0           0.0455605           0.0172652
224                0.28           0.0466071           0.0172198
225                0.24           0.0474667           0.0171647
226                 0.2           0.0481416            0.017102
227                   0           0.0479295            0.017028
228                0.12           0.0482456           0.0169562
229               -0.12           0.0475109           0.0168981
230                 0.2           0.0481739           0.0168376
231                0.36           0.0495238           0.0168188
232                0.44           0.0512069           0.0168303
233                0.32           0.0523605           0.0167975
234                0.48            0.054188           0.0168249
235                 0.2           0.0548085           0.0167647
236                0.12           0.0550847           0.0166959
237               -0.12            0.054346           0.0166418
238               -0.24           0.0531092           0.0166178
239                -0.2           0.0520502            0.016582
240               -0.24           0.0508333           0.0165575
241                -0.2           0.0497925           0.0165214
242               -0.36           0.0480992           0.0165397
243               -0.36           0.0464198           0.0165567
244                 0.2           0.0470492           0.0165008
245                0.28               0.048           0.0164608
246                0.32           0.0491057            0.016431
247                0.08           0.0492308            0.016365
248               -0.04            0.048871           0.0163029
249                0.04           0.0488353           0.0162375
250               -0.08             0.04832           0.0161807
251               -0.12           0.0476494           0.0161302
252                0.28           0.0485714           0.0160925
253                0.16           0.0490119           0.0160349
254                0.52           0.0508661           0.0160786
255                0.64           0.0531765           0.0161807
256                0.28           0.0540625           0.0161417
257                0.44           0.0555642           0.0161486
258                0.36           0.0567442           0.0161291
259                 0.2           0.0572973           0.0160763
260                0.08           0.0573846           0.0160147
261                 0.4           0.0586973           0.0160071
262                0.52            0.060458           0.0160425
263                0.36            0.061597           0.0160219
264                0.48           0.0631818           0.0160394
265                -0.2           0.0621887           0.0160096
266               -0.32           0.0607519           0.0160137
267                -0.2           0.0597753           0.0159835
268                   0           0.0595522           0.0159254
269                0.04           0.0594796           0.0158664
270               -0.04           0.0591111           0.0158119
271                0.16           0.0594834           0.0157579
272                0.16           0.0598529           0.0157043
273                0.24           0.0605128           0.0156607
274                0.44           0.0618978           0.0156646
275                0.72           0.0642909           0.0157894
276                 0.4           0.0655072            0.015779
277                 0.4           0.0667148           0.0157682
278                0.28            0.067482           0.0157301
279                0.36           0.0685305           0.0157086
280                0.24           0.0691429           0.0156644
281                0.08           0.0691815           0.0156088
282                0.12           0.0693617           0.0155544
283                0.04            0.069258           0.0154998
284                0.12           0.0694366           0.0154463
285                0.12            0.069614           0.0153931
286               -0.08           0.0690909           0.0153482
287               -0.04           0.0687108           0.0152994
288               -0.16           0.0679167           0.0152669
289                 0.2           0.0683737           0.0152209
290                0.04           0.0682759           0.0151687
291               -0.08           0.0677663           0.0151251
292               -0.16           0.0669863           0.0150934
293               -0.08           0.0664846           0.0150503
294                -0.2           0.0655782           0.0150263
295               -0.36           0.0641356           0.0150445
296               -0.24           0.0631081           0.0150287
297                -0.2           0.0622222           0.0150042
298               -0.16           0.0614765           0.0149724
299                   0           0.0612709           0.0149237
300                0.44           0.0625333           0.0149273
301                0.28           0.0632558           0.0148951
302                0.12           0.0634437            0.014847
303               -0.16           0.0627063           0.0148163
304               -0.04           0.0623684           0.0147714
305                0.08           0.0624262           0.0147231
306                 0.2           0.0628758           0.0146819
307                0.08           0.0629316           0.0146341
308               -0.16           0.0622078           0.0146045
309                0.16           0.0625243           0.0145607
310                0.16           0.0628387           0.0145171
311                 0.2           0.0632797           0.0144771
312                0.04           0.0632051           0.0144309
313                0.16           0.0635144           0.0143881
314                0.04           0.0634395           0.0143425
315                   0           0.0632381           0.0142984
316               -0.04           0.0629114           0.0142569
317                0.16           0.0632177           0.0142152
318                0.04           0.0631447           0.0141707
319                0.28           0.0638245           0.0141425
320                0.16            0.064125           0.0141015
321                0.08           0.0641745           0.0140577
322               -0.08           0.0637267           0.0140212
323                0.04           0.0636533           0.0139779
324                0.12           0.0638272           0.0139359
325                0.12               0.064           0.0138941
326                0.04           0.0639264           0.0138516
327                   0           0.0637309           0.0138107
328                -0.2           0.0629268           0.0137919
329                0.16           0.0632219           0.0137532
330               -0.08           0.0627879           0.0137184
331                0.04            0.062719           0.0136771
332                0.28           0.0633735           0.0136515
333                0.32           0.0641441           0.0136323
334                0.16           0.0644311           0.0135945
335                 0.2           0.0648358           0.0135599
336                0.04           0.0647619           0.0135198
337                0.08           0.0648071           0.0134797
338               -0.32           0.0636686           0.0134878
339               -0.04           0.0633628           0.0134515
340                0.04           0.0632941           0.0134121
341                   0           0.0631085           0.0133741
342               -0.28           0.0621053           0.0133725
343               -0.32           0.0609913           0.0133799
344                -0.4           0.0596512           0.0134079
345               -0.36           0.0584348           0.0134241
346               -0.44           0.0569942           0.0134624
347                -0.2           0.0562536            0.013444
348                0.04           0.0562069           0.0134054
349               -0.24           0.0553582           0.0133938
350                0.24           0.0558857            0.013366
351                0.48            0.057094           0.0133824
352                0.36           0.0579545            0.013372
353                0.16           0.0582436           0.0133372
354                0.08           0.0583051           0.0132997
355                   0           0.0581408           0.0132633
356                0.36           0.0589888           0.0132531
357                0.44            0.060056           0.0132589
358                0.12           0.0602235           0.0132229
359               -0.12           0.0597214           0.0131956
360                   0           0.0595556             0.01316
361               -0.08            0.059169           0.0131292
362               -0.08           0.0587845           0.0130985
363                0.04           0.0587328           0.0130626
364                0.32           0.0594505           0.0130464
365                0.28           0.0600548           0.0130246
366                0.24           0.0605464           0.0129983
367                0.12           0.0607084           0.0129639
368                0.36           0.0615217           0.0129542
369                   0            0.061355           0.0129201
370               -0.04           0.0610811           0.0128881
371                0.24           0.0615633           0.0128624
372                0.12           0.0617204           0.0128288
373                0.28           0.0623056           0.0128077
374                0.08           0.0623529           0.0127736
375               -0.16             0.06176           0.0127533
376               -0.04           0.0614894           0.0127222
377               -0.36           0.0603714           0.0127375
378               -0.12           0.0598942           0.0127127
379                0.12           0.0600528           0.0126802
380                   0           0.0598947           0.0126478
381                -0.4           0.0586877           0.0126721
382                   0            0.058534           0.0126398
383                0.44             0.05953            0.012646
384                 0.2           0.0598958           0.0126184
385               -0.12           0.0594286           0.0125942
386               -0.16           0.0588601           0.0125744
387               -0.28           0.0579845           0.0125724
388               -0.12           0.0575258           0.0125484
389                 0.2            0.057892           0.0125214
390                 0.2           0.0582564           0.0124946
391                 0.2           0.0586189           0.0124679
392               -0.04           0.0583673           0.0124387
393                0.08           0.0584224           0.0124071
394               -0.04           0.0581726           0.0123782
395                0.04           0.0581266           0.0123469
396                0.24           0.0585859           0.0123243
397                 0.4           0.0594458           0.0123232
398                0.32           0.0601005           0.0123096
399               -0.12           0.0596491            0.012287
400               -0.32              0.0587           0.0122929
401               -0.36           0.0576559           0.0123065
402               -0.28           0.0568159           0.0123045
403               -0.16           0.0562779           0.0122858
404               -0.12           0.0558416           0.0122631
405               -0.16           0.0553086           0.0122444
406               -0.28           0.0544828           0.0122421
407                0.08           0.0545455           0.0122121
408                0.24               0.055           0.0121907
409                0.16           0.0552567           0.0121636
410                0.16           0.0555122           0.0121366
411                   0           0.0553771           0.0121078
412                   0           0.0552427           0.0120792
413                0.12           0.0553995           0.0120509
414               -0.12           0.0549758           0.0120293
415                0.12           0.0551325           0.0120013
416                0.32           0.0557692           0.0119893
417                0.08           0.0558273           0.0119607
418                0.48           0.0568421           0.0119751
419                0.84           0.0587112           0.0120915
420                0.84           0.0605714           0.0122049
421                0.64           0.0619477           0.0122533
422                0.56            0.063128            0.012281
423                0.52            0.064208           0.0122994
424                0.52            0.065283           0.0123172
425                 0.4           0.0660706           0.0123134
426                 0.2            0.066385           0.0122885
427                0.24           0.0667916           0.0122665
428                0.24           0.0671963           0.0122445
429                0.48           0.0681585           0.0122537
430                0.24           0.0685581           0.0122317
431                0.08           0.0685847           0.0122033
432                0.12           0.0687037           0.0121757
433                0.08           0.0687298           0.0121476
434                0.12           0.0688479           0.0121202
435                0.24           0.0692414           0.0120987
436                0.48           0.0701835           0.0121076
437                0.36           0.0708467            0.012098
438                0.16           0.0710502           0.0120721
439               -0.08           0.0707062           0.0120495
440               -0.16           0.0701818           0.0120335
441               -0.32           0.0692971           0.0120387
442                -0.4           0.0682353           0.0120582
443               -0.32           0.0673589           0.0120628
444               -0.48           0.0661261           0.0120985
445               -0.12           0.0657079           0.0120785
446                0.08           0.0657399           0.0120515
447                   0           0.0655928           0.0120254
448                0.28           0.0660714           0.0120081
449                0.12           0.0661915           0.0119819
450                0.12           0.0663111           0.0119559
451               -0.16           0.0658093           0.0119399
452               -0.48           0.0646018           0.0119744
453               -0.28           0.0638411           0.0119721
454               -0.16            0.063348           0.0119559
455               -0.32           0.0625055           0.0119593
456               -0.12           0.0621053           0.0119397
457                0.28           0.0625821           0.0119231
458                0.28           0.0630568           0.0119065
459                0.36           0.0637037           0.0118982
460                0.04           0.0636522           0.0118724
461                   0           0.0635141           0.0118475
462               -0.04             0.06329           0.0118239
463               -0.24            0.062635           0.0118165
464                -0.2            0.062069           0.0118046
465                0.32           0.0626237           0.0117922
466                 0.4           0.0633476           0.0117891
467                 0.6           0.0644968           0.0118198
468                0.64           0.0657265           0.0118583
469                0.36           0.0663539           0.0118496
470                0.16           0.0665532           0.0118261
471                0.16           0.0667516           0.0118026
472                0.12           0.0668644           0.0117782
473               -0.36           0.0659619           0.0117878
474               -0.32           0.0651477            0.011791
475                -0.2           0.0645895           0.0117794
476               -0.12           0.0642017            0.011761
477               -0.08           0.0638994           0.0117403
478                -0.2           0.0633473           0.0117287
479               -0.04           0.0631315           0.0117062
480                0.08           0.0631667           0.0116818
481                0.12           0.0632848           0.0116581
482                0.32           0.0638174           0.0116461
483                0.28            0.064265           0.0116306
484                0.36            0.064876           0.0116226
485               -0.08           0.0645773           0.0116025
486               -0.24           0.0639506           0.0115955
487               -0.08            0.063655           0.0115755
488               -0.28           0.0629508           0.0115732
489               -0.56           0.0616769           0.0116194
490               -0.44           0.0606531           0.0116407
491               -0.24           0.0600407           0.0116331
492               -0.52           0.0588618            0.011669
493               -0.28           0.0581744           0.0116656
494                -0.2           0.0576518           0.0116537
495               -0.12           0.0572929           0.0116357
496                -0.2           0.0567742           0.0116238
497                0.04           0.0567404           0.0116004
498                0.12           0.0568675           0.0115778
499               -0.04           0.0566733           0.0115562
500               -0.12             0.05632           0.0115385
501               -0.04           0.0561277           0.0115171
502                0.16           0.0563347            0.011496
503                 0.2           0.0566203           0.0114767
504                 0.2           0.0569048           0.0114575
505                0.12           0.0570297           0.0114355
506               -0.08           0.0567589           0.0114161
507               -0.12           0.0564103           0.0113989
508                -0.2           0.0559055           0.0113876
509               -0.08           0.0556385           0.0113684
510                0.24               0.056           0.0113518
511                0.24           0.0563601           0.0113353
512                0.28           0.0567969           0.0113216
513                0.56           0.0577778           0.0113419
514                0.44           0.0585214           0.0113442
515                0.24           0.0588738           0.0113277
516                0.04           0.0588372           0.0113058
517                -0.2           0.0583366            0.011295
518               -0.32           0.0576062           0.0112968
519                0.04           0.0575723            0.011275
520               -0.04           0.0573846           0.0112549
521                0.12           0.0575048            0.011234
522                   0           0.0573946            0.011213
523               -0.12           0.0570554           0.0111967
524               -0.32           0.0563359           0.0111984
525               -0.12               0.056           0.0111821
526                0.28           0.0564259            0.011169
527                0.32            0.056926            0.011159
528                0.36              0.0575           0.0111526
529                0.28           0.0579206           0.0111394
530                0.48            0.058717           0.0111468
531                0.04           0.0586817           0.0111259
532                0.04           0.0586466            0.011105
533                0.08           0.0586867           0.0110843
534                0.08           0.0587266           0.0110636
535               -0.08           0.0584673           0.0110459
536                -0.2           0.0579851           0.0110359
537               -0.44           0.0570577           0.0110542
538               -0.28           0.0564312           0.0110514
539               -0.16           0.0560297           0.0110382
540               -0.08           0.0557778           0.0110206
541                   0           0.0556747           0.0110007
542                0.08           0.0557196           0.0109805
543               -0.24            0.055175           0.0109738
544               -0.04               0.055            0.010955
545                0.12           0.0551193           0.0109356
546               -0.16           0.0547253           0.0109226
547                0.04           0.0546984           0.0109027
548                   0           0.0545985           0.0108833
549                 0.2           0.0548634           0.0108667
550                0.48           0.0556364           0.0108744
551                 0.4           0.0562613           0.0108726
552                0.44           0.0569565           0.0108751
553                0.32           0.0574322           0.0108658
554                0.16           0.0576173           0.0108478
555                0.12           0.0577297           0.0108288
556               -0.08            0.057482           0.0108122
557               -0.24           0.0569479           0.0108059
558               -0.12           0.0566308           0.0107912
559                0.08           0.0566726            0.010772
560                0.08           0.0567143           0.0107528
561                0.12           0.0568271           0.0107343
562                0.36           0.0573665           0.0107287
563                0.32            0.057833           0.0107198
564                0.28            0.058227            0.010708
565                0.16           0.0584071           0.0106906
566                0.08           0.0584452           0.0106718
567               -0.04           0.0582716           0.0106544
568                0.16           0.0584507           0.0106371
569               -0.08           0.0582074           0.0106212
570                0.32           0.0586667           0.0106125
571                 0.2           0.0589142           0.0105968
572                0.36           0.0594406           0.0105913
573                0.36           0.0599651           0.0105858
574                0.52           0.0607666           0.0105977
575                0.24           0.0610783           0.0105838
576                0.12           0.0611806           0.0105659
577                0.08           0.0612132           0.0105477
578                0.28           0.0615917           0.0105362
579                0.32            0.062038           0.0105275
580                0.16           0.0622069           0.0105107
581               -0.12           0.0618933           0.0104973
582               -0.16            0.061512           0.0104862
583                0.08           0.0615437           0.0104682
584                0.24           0.0618493           0.0104547
585                 0.4           0.0624274           0.0104528
586                0.32           0.0628669           0.0104442
587                0.44           0.0635094           0.0104462
588                 0.2           0.0637415            0.010431
589                0.16           0.0639049           0.0104146
590                0.28           0.0642712           0.0104034
591                0.16           0.0644332            0.010387
592                   0           0.0643243             0.01037
593                0.08           0.0643508           0.0103526
594                 0.2           0.0645791           0.0103377
595                   0           0.0644706           0.0103209
596                0.12           0.0645638            0.010304
597                0.24           0.0648576           0.0102909
598                0.12           0.0649498           0.0102741
599                0.12           0.0650417           0.0102574
600                0.16              0.0652           0.0102415
601                0.12           0.0652912           0.0102249
602               -0.08           0.0650498           0.0102107
603                0.32           0.0654726           0.0102025
604                0.08           0.0654967           0.0101857
605               -0.12           0.0651901           0.0101735
606               -0.08           0.0649505           0.0101595
607                0.12           0.0650412           0.0101432
608               -0.16           0.0646711           0.0101332
609               -0.08           0.0644335           0.0101194
610                   0           0.0643279           0.0101033
611               -0.04           0.0641571           0.0100882
612               -0.08           0.0639216           0.0100745
613                0.04           0.0638825           0.0100581
614                0.16           0.0640391            0.010043
615               -0.08           0.0638049           0.0100294
616                   0           0.0637013           0.0100136
617                0.04           0.0636629          0.00999748
618                 0.2           0.0638835          0.00998374
619                0.12           0.0639742          0.00996802
620                 0.2           0.0641935          0.00995436
621                 0.2           0.0644122          0.00994073
622                0.12           0.0645016          0.00992515
623               -0.08           0.0642697          0.00991193
624               -0.24           0.0637821          0.00990803
625               -0.24            0.063296          0.00990409
626                0.16           0.0634505          0.00988948
627                0.24           0.0637321          0.00987771
628                0.12           0.0638217          0.00986239
629               -0.08            0.063593          0.00984936
630               -0.08           0.0633651          0.00983636
631               -0.08           0.0631379           0.0098234
632               -0.08           0.0629114          0.00981046
633                0.16           0.0630648          0.00979616
634                0.24           0.0633438          0.00978469
635                0.12           0.0634331          0.00976969
636               -0.16           0.0630818          0.00976064
637                   0           0.0629827          0.00974582
638                0.16           0.0631348          0.00973173
639               -0.08           0.0629108          0.00971908
640                0.04            0.062875          0.00970396
641                0.12           0.0629641          0.00968923
642                0.32           0.0633645           0.0096824
643                 0.6           0.0641991          0.00970325
644                0.36           0.0646584          0.00969904
645                0.16           0.0648062          0.00968513
646                   0           0.0647059          0.00967066
647               -0.36           0.0640495          0.00967797
648               -0.28           0.0635185          0.00967758
649                -0.2           0.0631125          0.00967119
650               -0.12           0.0628308          0.00966041
651                0.36           0.0632873          0.00965635
652                0.28           0.0636196          0.00964726
653                0.12            0.063706          0.00963287
654                   0           0.0636086          0.00961863
655               -0.16           0.0632672          0.00961001
656                0.08           0.0632927          0.00959539
657               -0.08           0.0630746          0.00958326
658               -0.04           0.0629179          0.00956998
659                0.04           0.0628832          0.00955552
660                0.04           0.0628485          0.00954111
661                0.12           0.0629349          0.00952706
662                 0.2            0.063142          0.00951492
663               -0.28           0.0626244          0.00951464
664               -0.24           0.0621687          0.00951122
665               -0.36           0.0615338          0.00951808
666               -0.28            0.061021          0.00951759
667               -0.08           0.0608096          0.00950567
668                -0.4           0.0601198          0.00951644
669               -0.12           0.0598505          0.00950602
670                0.16                0.06          0.00949301
671                0.44           0.0605663          0.00949574
672                 0.2           0.0607738          0.00948387
673                0.16           0.0609212          0.00947093
674                   0           0.0608309          0.00945731
675                   0           0.0607407          0.00944372
676                0.16           0.0608876           0.0094309
677                0.44           0.0614476          0.00943358
678               -0.08           0.0612389          0.00942197
679               -0.12            0.060972          0.00941187
680                -0.2           0.0605882          0.00940585
681                -0.2           0.0602056          0.00939982
682               -0.16           0.0598827          0.00939158
683                -0.2           0.0595022          0.00938554
684               -0.12           0.0592398          0.00937548
685               -0.16           0.0589197          0.00936726
686                0.08           0.0589504          0.00935365
687               -0.08           0.0587482          0.00934223
688                0.04           0.0587209          0.00932869
689               -0.04           0.0585776          0.00931625
690                0.36           0.0590145          0.00931298
691                 0.4            0.059508          0.00931257
692                0.16           0.0596532          0.00930024
693                0.12           0.0597403          0.00928723
694                0.12           0.0598271          0.00927425
695                   0            0.059741          0.00926131
696                0.24                0.06          0.00925162
697                0.08           0.0600287           0.0092384
698               -0.12           0.0597708          0.00922876
699                   0           0.0596853          0.00921595
700               -0.12           0.0594286          0.00920636
701                   0           0.0593438          0.00919362
702                0.12           0.0594302          0.00918093
703               -0.28           0.0589474          0.00918056
704               -0.12           0.0586932          0.00917103
705               -0.12           0.0584397          0.00916153
706                0.24           0.0586969          0.00915216
707                 0.2           0.0588967           0.0091414
708                0.32           0.0592655          0.00913592
709                0.16           0.0594076          0.00912414
710                0.32           0.0597746          0.00911867
711                 0.2           0.0599719          0.00910797
712               -0.16           0.0596629          0.00910042
713                   0           0.0595792          0.00908804
714                   0           0.0594958           0.0090757
715               -0.16           0.0591888          0.00906819
716               -0.08           0.0589944          0.00905761
717                0.12           0.0590795          0.00904538
718                   0           0.0589972          0.00903316
719                0.28           0.0593046          0.00902582
720                0.08           0.0593333          0.00901333
721                 0.2           0.0595284          0.00900294
722                0.24           0.0597784          0.00899394
723                   0           0.0596957          0.00898188
724               -0.08           0.0595028          0.00897155
725               -0.28           0.0590345          0.00897139
726               -0.08            0.058843          0.00896107
727                0.04           0.0588171          0.00894878
728                0.04           0.0587912          0.00893653
729               -0.24           0.0583813          0.00893366
730               -0.16           0.0580822          0.00892643
731                0.12           0.0581669          0.00891462
732                0.24           0.0584153          0.00890591
733                0.12           0.0584993          0.00889415
734                   0           0.0584196          0.00888239
735               -0.12           0.0581769          0.00887362
736               -0.28           0.0577174          0.00887345
737               -0.24           0.0573134           0.0088706
738               -0.32           0.0568022          0.00887331
739               -0.48           0.0560758          0.00889098
740                -0.4           0.0554595           0.0089003
741               -0.28           0.0550067           0.0088998
742                -0.4           0.0543935           0.0089089
743               -0.36           0.0538358          0.00891435
744               -0.08           0.0536559          0.00890419
745               -0.28           0.0532081          0.00890349
746               -0.12           0.0529759          0.00889458
747               -0.16           0.0526908          0.00888724
748               -0.24           0.0522995          0.00888397
749                -0.4           0.0516956          0.00889261
750               -0.36           0.0511467          0.00889768
751               -0.28           0.0507057          0.00889675
752               -0.12           0.0504787          0.00888782
753               -0.16           0.0501992          0.00888041
754                0.08           0.0502387          0.00886872
755                0.12           0.0503311          0.00885745
756                0.16           0.0504762          0.00884693
757                 0.2           0.0506737          0.00883744
758                0.48           0.0512401          0.00884392
759                 0.2           0.0514361          0.00883444
760                0.24           0.0516842          0.00882629
761                0.12            0.051774          0.00881515
762               -0.32           0.0512861          0.00881708
763               -0.16           0.0510092          0.00880987
764                0.04           0.0509948          0.00879835
765                 0.2           0.0511895            0.008789
766                0.44           0.0516971          0.00879217
767                0.48           0.0522555          0.00879843
768                0.44           0.0527604          0.00880144
769                0.28           0.0530559          0.00879496
770                0.28           0.0533506          0.00878847
771               -0.04           0.0532296          0.00877791
772               -0.04           0.0531088          0.00876737
773               -0.28           0.0526779          0.00876661
774               -0.16           0.0524031          0.00875959
775               -0.36            0.051871          0.00876443
776               -0.08            0.051701          0.00875479
777                0.28           0.0519949          0.00874845
778                0.12           0.0520823          0.00873764
779                0.32           0.0524262          0.00873319
780                0.32           0.0527692          0.00872873
781                0.44            0.053265          0.00873162
782                0.64           0.0540153          0.00875263
783                0.44           0.0545083          0.00875533
784                0.44               0.055          0.00875795
785                0.28           0.0552866          0.00875149
786                0.16           0.0554198          0.00874137
787                0.04           0.0554003          0.00873028
788                   0           0.0553299          0.00871949
789                 0.2           0.0555133          0.00871036
790                0.16           0.0556456          0.00870034
791               -0.08           0.0554741          0.00869103
792               -0.12           0.0552525          0.00868288
793               -0.12           0.0550315          0.00867474
794               -0.16           0.0547607          0.00866804
795                   0           0.0546918          0.00865741
796                   0           0.0546231          0.00864681
797                0.08            0.054655          0.00863602
798                0.08           0.0546867          0.00862526
799                0.16           0.0548185          0.00861547
800                0.08             0.05485          0.00860476
801                0.04           0.0548315          0.00859403
802                0.04            0.054813          0.00858334
803                   0           0.0547447          0.00857292
804               -0.28           0.0543284          0.00857236
805               -0.04           0.0542112          0.00856251
806               -0.16           0.0539454          0.00855601
807               -0.08           0.0537794          0.00854702
808                0.04           0.0537624          0.00853646
809               -0.08            0.053597          0.00852751
810                   0           0.0535309          0.00851724
811               -0.24           0.0531689          0.00851442
812               -0.04           0.0530542          0.00850471
813                0.04           0.0530381          0.00849427
814                0.12           0.0531204          0.00848423
815                 0.2           0.0533006          0.00847573
816                   0           0.0532353           0.0084656
817               -0.16           0.0529743          0.00845926
818                0.12           0.0530562          0.00844931
819               -0.04           0.0529426          0.00843976
820                0.08           0.0529756          0.00842953
821                0.24           0.0532034          0.00842234
822               -0.08           0.0530414          0.00841366
823               -0.08           0.0528797          0.00840498
824                 0.4            0.053301          0.00840534
825                0.32           0.0536242          0.00840136
826                0.48           0.0541404          0.00840703
827                0.16           0.0542684          0.00839784
828                0.04           0.0542512          0.00838772
829               -0.08           0.0540893          0.00837916
830               -0.08           0.0539277          0.00837062
831                 0.2           0.0541035           0.0083624
832                   0           0.0540385           0.0083526
833                0.32           0.0543577          0.00834867
834                 0.4           0.0547722          0.00834894
835                0.16           0.0548982          0.00833989
836                 0.2           0.0550718          0.00833172
837               -0.04           0.0549582          0.00832254
838                   0           0.0548926          0.00831287
839                0.08           0.0549225          0.00830302
840                0.16           0.0550476          0.00829407
841                0.08           0.0550773          0.00828426
842               -0.24           0.0547268          0.00828184
843                -0.2           0.0544247          0.00827752
844                0.04           0.0544076          0.00826773
845                0.28           0.0546746          0.00826226
846                0.24           0.0548936          0.00825539
847               -0.12           0.0546871          0.00824823
848               -0.04           0.0545755          0.00823926
849                0.08           0.0546054          0.00822961
850                   0           0.0545412          0.00822018
851               -0.24           0.0541951           0.0082178
852               -0.04           0.0540845           0.0082089
853                0.04            0.054068          0.00819929
854                -0.2           0.0537705          0.00819509
855               -0.12           0.0535673          0.00818802
856               -0.04           0.0534579          0.00817919
857               -0.12           0.0532555          0.00817215
858               -0.08           0.0531002           0.0081641
859               -0.04           0.0529919          0.00815531
860                0.08           0.0530233          0.00814589
861                0.16           0.0531475          0.00813738
862                 0.4           0.0535499          0.00813788
863                0.36            0.053905          0.00813619
864                0.16           0.0540278           0.0081277
865                   0           0.0539653          0.00811855
866                -0.2           0.0536721          0.00811447
867               -0.16           0.0534256          0.00810885
868               -0.16           0.0531797          0.00810323
869               -0.24           0.0528423          0.00810093
870               -0.52           0.0521839          0.00811833
871               -0.28           0.0518025          0.00811796
872               -0.36           0.0513303          0.00812238
873               -0.04           0.0512257          0.00811375
874                 0.2           0.0513959          0.00810625
875                0.16             0.05152          0.00809794
876                0.08           0.0515525          0.00808876
877                0.24           0.0517674          0.00808239
878                0.04            0.051754          0.00807319
879               -0.08           0.0516041           0.0080654
880               -0.04              0.0515          0.00805691
881                0.28           0.0517594          0.00805194
882                0.28           0.0520181          0.00804696
883                0.44           0.0524575          0.00804984
884                0.28           0.0527149          0.00804485
885                 0.4           0.0531073          0.00804532
886                0.24           0.0533183          0.00803901
887                0.12           0.0533935          0.00803029
888                0.08           0.0534234          0.00802131
889                0.08           0.0534533          0.00801234
890                0.08           0.0534831          0.00800339
891               -0.08           0.0533333          0.00799581
892                0.32           0.0536323          0.00799243
893                0.08           0.0536618          0.00798354
894                0.16           0.0537808           0.0079755
895                0.12           0.0538547          0.00796693
896                0.24           0.0540625          0.00796074
897                0.36           0.0544036          0.00795917
898                0.16           0.0545212          0.00795118
899                   0           0.0544605          0.00794256
900               -0.12           0.0542667           0.0079361
901               -0.04            0.054162          0.00792799
902               -0.04           0.0540576          0.00791988
903               -0.12           0.0538649          0.00791346
904               -0.36           0.0534071          0.00791794
905               -0.08           0.0532597          0.00791056
906                   0           0.0532009          0.00790205
907               -0.04           0.0530981            0.007894
908               -0.04           0.0529956          0.00788597
909                0.24           0.0532013          0.00787998
910                0.44           0.0536264          0.00788278
911                0.48           0.0540944          0.00788801
912                0.36           0.0544298          0.00788649
913                0.32           0.0547207          0.00788321
914                0.12           0.0547921          0.00787491
915               -0.28           0.0544262           0.0078748
916                -0.2           0.0541485           0.0078711
917               -0.04           0.0540458          0.00786318
918                0.04           0.0540305          0.00785463
919                   0           0.0539717          0.00784631
920                0.08               0.054          0.00783783
921                -0.2           0.0537242          0.00783417
922               -0.24           0.0534056          0.00783215
923                0.16           0.0535211          0.00782451
924                0.08           0.0535498           0.0078161
925                 0.2           0.0537081          0.00780925
926                0.16           0.0538229          0.00780166
927                -0.2           0.0535491          0.00779805
928                -0.2           0.0532759          0.00779443
929               -0.56           0.0526157          0.00781395
930               -0.56            0.051957          0.00783326
931               -0.24           0.0516434          0.00783112
932               -0.24           0.0513305          0.00782897
933               -0.32           0.0509325          0.00783069
934                0.08           0.0509636          0.00782236
935                0.12           0.0510374          0.00781435
936                 0.2           0.0511966          0.00780762
937               -0.08           0.0510566          0.00780054
938               -0.08           0.0509168          0.00779348
939               -0.32           0.0505218          0.00779518
940               -0.12           0.0503404            0.007789
941               -0.24           0.0500319          0.00778683
942                   0           0.0499788          0.00777875
943                0.04           0.0499682           0.0077705
944               -0.32           0.0495763          0.00777215
945               -0.24           0.0492698          0.00776996
946               -0.12           0.0490909          0.00776381
947                0.28           0.0493347          0.00775944
948               -0.04           0.0492405          0.00775183
949                0.24           0.0494415          0.00774626
950                 0.2              0.0496          0.00773973
951                   0           0.0495478          0.00773177
952               -0.08           0.0494118          0.00772484
953                -0.2           0.0491501          0.00772117
954                -0.2           0.0488889          0.00771749
955                0.16           0.0490052          0.00771029
956                0.16           0.0491213           0.0077031
957                0.28           0.0493626          0.00769882
958                0.44           0.0497704          0.00770158
959               -0.12           0.0495933          0.00769558
960               -0.04              0.0495          0.00768813
961                 0.2           0.0496566          0.00768173
962                0.36           0.0499792          0.00768051
963                0.52           0.0504673          0.00768803
964                0.44           0.0508714          0.00769067
965                0.16           0.0509845          0.00768353
966                0.24           0.0511801          0.00767807
967                0.24           0.0513754          0.00767261
968                0.24           0.0515702          0.00766716
969                 0.2           0.0517234          0.00766077
970               -0.12           0.0515464          0.00765492
971                   0           0.0514933          0.00764722
972                0.08           0.0515226          0.00763941
973                0.16           0.0516341          0.00763237
974               -0.12           0.0514579          0.00762657
975               -0.64           0.0507487          0.00765165
976               -0.32           0.0503689          0.00765323
977               -0.24           0.0500716          0.00765117
978               -0.32           0.0496933           0.0076527
979               -0.16           0.0494791          0.00764788
980               -0.28           0.0491429          0.00764746
981               -0.24           0.0488481          0.00764534
982               -0.08           0.0487169          0.00763868
983               -0.32           0.0483418          0.00764011
984               -0.28           0.0480081          0.00763963
985               -0.24           0.0477157          0.00763747
986                0.08           0.0477485           0.0076298
987                0.12           0.0478217          0.00762242
988                0.16           0.0479352          0.00761555
989                0.16           0.0480485          0.00760869
990                 0.2            0.048202          0.00760255
991               -0.12           0.0480323          0.00759677
992                0.12           0.0481048          0.00758946
993                0.08            0.048137          0.00758189
994                   0           0.0480885          0.00757442
995                0.08           0.0481206          0.00756687
996                0.24           0.0483133          0.00756173
997                0.36           0.0486259           0.0075606
998                0.04           0.0486172          0.00755303
999                0.04           0.0486086          0.00754547
1000                0.16             0.04872          0.00753875
